<?xml version="1.0" encoding="utf-8"?>
<TestRun id="4afa74bc-cd19-40aa-ba2a-0f93b1ae0e3c" name="LENOVO@DESKTOP-0NLB2MR 2026-07-11 23:26:09" runUser="DESKTOP-0NLB2MR\LENOVO" xmlns="http://microsoft.com/schemas/VisualStudio/TeamTest/2010">
  <Times creation="2026-07-11T23:26:09.7796299+08:00" queuing="2026-07-11T23:26:09.7796301+08:00" start="2026-07-11T23:26:07.2798281+08:00" finish="2026-07-11T23:26:09.7842045+08:00" />
  <TestSettings name="default" id="b20010c3-0d12-4dad-bb1b-d519eeededb3">
    <Deployment runDeploymentRoot="LENOVO_DESKTOP-0NLB2MR_2026-07-11_23_26_09" />
  </TestSettings>
  <Results>
    <UnitTestResult executionId="8d4d94cb-c1d0-4e26-97ed-c6dd396c33de" testId="35f56394-ce25-4f5f-f6f1-156d741330b8" testName="Rushframe.LegacyImport.Tests.LegacyImporterTests.import_maps_clips" computerName="DESKTOP-0NLB2MR" duration="00:00:00.0045153" startTime="2026-07-11T23:26:09.4816975+08:00" endTime="2026-07-11T23:26:09.4818069+08:00" testType="13cdc9d9-ddb5-4fa4-a97d-d965ccfc6d4b" outcome="Passed" testListId="8c84fa94-04c1-424b-9868-57a2d4851a1d" relativeResultsDirectory="8d4d94cb-c1d0-4e26-97ed-c6dd396c33de" />
    <UnitTestResult executionId="2ace24fc-d325-46d2-ab37-84d49ea3ffe7" testId="b7a86f1a-2e2c-2904-eaeb-835ea0b937da" testName="Rushframe.LegacyImport.Tests.LegacyImporterTests.import_golden_fixture" computerName="DESKTOP-0NLB2MR" duration="00:00:00.0017470" startTime="2026-07-11T23:26:09.4824378+08:00" endTime="2026-07-11T23:26:09.4825053+08:00" testType="13cdc9d9-ddb5-4fa4-a97d-d965ccfc6d4b" outcome="Passed" testListId="8c84fa94-04c1-424b-9868-57a2d4851a1d" relativeResultsDirectory="2ace24fc-d325-46d2-ab37-84d49ea3ffe7" />
    <UnitTestResult executionId="dd496486-f0d7-4c54-bb7b-5d59d9df5b54" testId="52afb23a-0d7c-08cb-1119-841150357fbe" testName="Rushframe.LegacyImport.Tests.LegacyImporterTests.import_missing_project_returns_error" computerName="DESKTOP-0NLB2MR" duration="00:00:00.0009576" startTime="2026-07-11T23:26:09.4828399+08:00" endTime="2026-07-11T23:26:09.4828954+08:00" testType="13cdc9d9-ddb5-4fa4-a97d-d965ccfc6d4b" outcome="Passed" testListId="8c84fa94-04c1-424b-9868-57a2d4851a1d" relativeResultsDirectory="dd496486-f0d7-4c54-bb7b-5d59d9df5b54" />
    <UnitTestResult executionId="202b03ed-a392-4545-93bd-29e39e3f4ecb" testId="bef49ad3-6127-2fc8-01bc-689906340dcf" testName="Rushframe.LegacyImport.Tests.LegacyImporterTests.import_round_trip_serialization" computerName="DESKTOP-0NLB2MR" duration="00:00:00.1776005" startTime="2026-07-11T23:26:09.4831942+08:00" endTime="2026-07-11T23:26:09.6568399+08:00" testType="13cdc9d9-ddb5-4fa4-a97d-d965ccfc6d4b" outcome="Passed" testListId="8c84fa94-04c1-424b-9868-57a2d4851a1d" relativeResultsDirectory="202b03ed-a392-4545-93bd-29e39e3f4ecb" />
    <UnitTestResult executionId="25fad841-cc61-4a32-af6d-4059a26c8746" testId="f959e5af-e064-14c1-538a-00e99572c522" testName="Rushframe.LegacyImport.Tests.LegacyImporterTests.import_maps_markers" computerName="DESKTOP-0NLB2MR" duration="00:00:00.0008422" startTime="2026-07-11T23:26:09.4830164+08:00" endTime="2026-07-11T23:26:09.4830683+08:00" testType="13cdc9d9-ddb5-4fa4-a97d-d965ccfc6d4b" outcome="Passed" testListId="8c84fa94-04c1-424b-9868-57a2d4851a1d" relativeResultsDirectory="25fad841-cc61-4a32-af6d-4059a26c8746" />
    <UnitTestResult executionId="72ba3e2c-a49c-48df-a09a-f8a85cb2faac" testId="9bd40c69-b811-c18c-db39-95c4daf4bb17" testName="Rushframe.LegacyImport.Tests.LegacyImporterTests.import_maps_assets" computerName="DESKTOP-0NLB2MR" duration="00:00:00.0008270" startTime="2026-07-11T23:26:09.4826527+08:00" endTime="2026-07-11T23:26:09.4827089+08:00" testType="13cdc9d9-ddb5-4fa4-a97d-d965ccfc6d4b" outcome="Passed" testListId="8c84fa94-04c1-424b-9868-57a2d4851a1d" relativeResultsDirectory="72ba3e2c-a49c-48df-a09a-f8a85cb2faac" />
    <UnitTestResult executionId="0e44f1dc-9c04-4ad0-905c-618207248e22" testId="f8d928c4-2853-662b-5bb9-bd01f0267623" testName="Rushframe.LegacyImport.Tests.LegacyImporterTests.import_generates_report" computerName="DESKTOP-0NLB2MR" duration="00:00:00.3551333" startTime="2026-07-11T23:26:09.1065319+08:00" endTime="2026-07-11T23:26:09.4693774+08:00" testType="13cdc9d9-ddb5-4fa4-a97d-d965ccfc6d4b" outcome="Passed" testListId="8c84fa94-04c1-424b-9868-57a2d4851a1d" relativeResultsDirectory="0e44f1dc-9c04-4ad0-905c-618207248e22" />
  </Results>
  <TestDefinitions>
    <UnitTest name="Rushframe.LegacyImport.Tests.LegacyImporterTests.import_maps_clips" storage="c:\users\lenovo\desktop\projectsss\rushframe\tests\rushframe.legacyimport.tests\bin\debug\net10.0\rushframe.legacyimport.tests.dll" id="35f56394-ce25-4f5f-f6f1-156d741330b8">
      <Execution id="8d4d94cb-c1d0-4e26-97ed-c6dd396c33de" />
      <TestMethod codeBase="C:\Users\LENOVO\Desktop\Projectsss\Rushframe\tests\Rushframe.LegacyImport.Tests\bin\Debug\net10.0\Rushframe.LegacyImport.Tests.dll" adapterTypeName="executor://xunit/VsTestRunner3/netcore/" className="Rushframe.LegacyImport.Tests.LegacyImporterTests" name="import_maps_clips" />
    </UnitTest>
    <UnitTest name="Rushframe.LegacyImport.Tests.LegacyImporterTests.import_missing_project_returns_error" storage="c:\users\lenovo\desktop\projectsss\rushframe\tests\rushframe.legacyimport.tests\bin\debug\net10.0\rushframe.legacyimport.tests.dll" id="52afb23a-0d7c-08cb-1119-841150357fbe">
      <Execution id="dd496486-f0d7-4c54-bb7b-5d59d9df5b54" />
      <TestMethod codeBase="C:\Users\LENOVO\Desktop\Projectsss\Rushframe\tests\Rushframe.LegacyImport.Tests\bin\Debug\net10.0\Rushframe.LegacyImport.Tests.dll" adapterTypeName="executor://xunit/VsTestRunner3/netcore/" className="Rushframe.LegacyImport.Tests.LegacyImporterTests" name="import_missing_project_returns_error" />
    </UnitTest>
    <UnitTest name="Rushframe.LegacyImport.Tests.LegacyImporterTests.import_maps_assets" storage="c:\users\lenovo\desktop\projectsss\rushframe\tests\rushframe.legacyimport.tests\bin\debug\net10.0\rushframe.legacyimport.tests.dll" id="9bd40c69-b811-c18c-db39-95c4daf4bb17">
      <Execution id="72ba3e2c-a49c-48df-a09a-f8a85cb2faac" />
      <TestMethod codeBase="C:\Users\LENOVO\Desktop\Projectsss\Rushframe\tests\Rushframe.LegacyImport.Tests\bin\Debug\net10.0\Rushframe.LegacyImport.Tests.dll" adapterTypeName="executor://xunit/VsTestRunner3/netcore/" className="Rushframe.LegacyImport.Tests.LegacyImporterTests" name="import_maps_assets" />
    </UnitTest>
    <UnitTest name="Rushframe.LegacyImport.Tests.LegacyImporterTests.import_generates_report" storage="c:\users\lenovo\desktop\projectsss\rushframe\tests\rushframe.legacyimport.tests\bin\debug\net10.0\rushframe.legacyimport.tests.dll" id="f8d928c4-2853-662b-5bb9-bd01f0267623">
      <Execution id="0e44f1dc-9c04-4ad0-905c-618207248e22" />
      <TestMethod codeBase="C:\Users\LENOVO\Desktop\Projectsss\Rushframe\tests\Rushframe.LegacyImport.Tests\bin\Debug\net10.0\Rushframe.LegacyImport.Tests.dll" adapterTypeName="executor://xunit/VsTestRunner3/netcore/" className="Rushframe.LegacyImport.Tests.LegacyImporterTests" name="import_generates_report" />
    </UnitTest>
    <UnitTest name="Rushframe.LegacyImport.Tests.LegacyImporterTests.import_round_trip_serialization" storage="c:\users\lenovo\desktop\projectsss\rushframe\tests\rushframe.legacyimport.tests\bin\debug\net10.0\rushframe.legacyimport.tests.dll" id="bef49ad3-6127-2fc8-01bc-689906340dcf">
      <Execution id="202b03ed-a392-4545-93bd-29e39e3f4ecb" />
      <TestMethod codeBase="C:\Users\LENOVO\Desktop\Projectsss\Rushframe\tests\Rushframe.LegacyImport.Tests\bin\Debug\net10.0\Rushframe.LegacyImport.Tests.dll" adapterTypeName="executor://xunit/VsTestRunner3/netcore/" className="Rushframe.LegacyImport.Tests.LegacyImporterTests" name="import_round_trip_serialization" />
    </UnitTest>
    <UnitTest name="Rushframe.LegacyImport.Tests.LegacyImporterTests.import_golden_fixture" storage="c:\users\lenovo\desktop\projectsss\rushframe\tests\rushframe.legacyimport.tests\bin\debug\net10.0\rushframe.legacyimport.tests.dll" id="b7a86f1a-2e2c-2904-eaeb-835ea0b937da">
      <Execution id="2ace24fc-d325-46d2-ab37-84d49ea3ffe7" />
      <TestMethod codeBase="C:\Users\LENOVO\Desktop\Projectsss\Rushframe\tests\Rushframe.LegacyImport.Tests\bin\Debug\net10.0\Rushframe.LegacyImport.Tests.dll" adapterTypeName="executor://xunit/VsTestRunner3/netcore/" className="Rushframe.LegacyImport.Tests.LegacyImporterTests" name="import_golden_fixture" />
    </UnitTest>
    <UnitTest name="Rushframe.LegacyImport.Tests.LegacyImporterTests.import_maps_markers" storage="c:\users\lenovo\desktop\projectsss\rushframe\tests\rushframe.legacyimport.tests\bin\debug\net10.0\rushframe.legacyimport.tests.dll" id="f959e5af-e064-14c1-538a-00e99572c522">
      <Execution id="25fad841-cc61-4a32-af6d-4059a26c8746" />
      <TestMethod codeBase="C:\Users\LENOVO\Desktop\Projectsss\Rushframe\tests\Rushframe.LegacyImport.Tests\bin\Debug\net10.0\Rushframe.LegacyImport.Tests.dll" adapterTypeName="executor://xunit/VsTestRunner3/netcore/" className="Rushframe.LegacyImport.Tests.LegacyImporterTests" name="import_maps_markers" />
    </UnitTest>
  </TestDefinitions>
  <TestEntries>
    <TestEntry testId="35f56394-ce25-4f5f-f6f1-156d741330b8" executionId="8d4d94cb-c1d0-4e26-97ed-c6dd396c33de" testListId="8c84fa94-04c1-424b-9868-57a2d4851a1d" />
    <TestEntry testId="b7a86f1a-2e2c-2904-eaeb-835ea0b937da" executionId="2ace24fc-d325-46d2-ab37-84d49ea3ffe7" testListId="8c84fa94-04c1-424b-9868-57a2d4851a1d" />
    <TestEntry testId="52afb23a-0d7c-08cb-1119-841150357fbe" executionId="dd496486-f0d7-4c54-bb7b-5d59d9df5b54" testListId="8c84fa94-04c1-424b-9868-57a2d4851a1d" />
    <TestEntry testId="bef49ad3-6127-2fc8-01bc-689906340dcf" executionId="202b03ed-a392-4545-93bd-29e39e3f4ecb" testListId="8c84fa94-04c1-424b-9868-57a2d4851a1d" />
    <TestEntry testId="f959e5af-e064-14c1-538a-00e99572c522" executionId="25fad841-cc61-4a32-af6d-4059a26c8746" testListId="8c84fa94-04c1-424b-9868-57a2d4851a1d" />
    <TestEntry testId="9bd40c69-b811-c18c-db39-95c4daf4bb17" executionId="72ba3e2c-a49c-48df-a09a-f8a85cb2faac" testListId="8c84fa94-04c1-424b-9868-57a2d4851a1d" />
    <TestEntry testId="f8d928c4-2853-662b-5bb9-bd01f0267623" executionId="0e44f1dc-9c04-4ad0-905c-618207248e22" testListId="8c84fa94-04c1-424b-9868-57a2d4851a1d" />
  </TestEntries>
  <TestLists>
    <TestList name="Results Not in a List" id="8c84fa94-04c1-424b-9868-57a2d4851a1d" />
    <TestList name="All Loaded Results" id="19431567-8539-422a-85d7-44ee4e166bda" />
  </TestLists>
  <ResultSummary outcome="Completed">
    <Counters total="7" executed="7" passed="7" failed="0" error="0" timeout="0" aborted="0" inconclusive="0" passedButRunAborted="0" notRunnable="0" notExecuted="0" disconnected="0" warning="0" completed="0" inProgress="0" pending="0" />
    <Output>
      <StdOut>[xUnit.net 00:00:00.00] xUnit.net VSTest Adapter v3.1.4+50e68bbb8b (64-bit .NET 10.0.9)&#xD;
[xUnit.net 00:00:00.52]   Discovering: Rushframe.LegacyImport.Tests&#xD;
[xUnit.net 00:00:00.56]   Discovered:  Rushframe.LegacyImport.Tests&#xD;
[xUnit.net 00:00:00.59]   Starting:    Rushframe.LegacyImport.Tests&#xD;
[xUnit.net 00:00:01.16]   Finished:    Rushframe.LegacyImport.Tests&#xD;
</StdOut>
    </Output>
  </ResultSummary>
</TestRun>