<?xml version="1.0" encoding="utf-8"?>
<TestRun id="3c7092fd-d071-445d-834c-ee7131dad22e" name="LENOVO@DESKTOP-0NLB2MR 2026-07-11 23:26:14" runUser="DESKTOP-0NLB2MR\LENOVO" xmlns="http://microsoft.com/schemas/VisualStudio/TeamTest/2010">
  <Times creation="2026-07-11T23:26:14.6324382+08:00" queuing="2026-07-11T23:26:14.6324390+08:00" start="2026-07-11T23:26:11.8846529+08:00" finish="2026-07-11T23:26:15.5263831+08:00" />
  <TestSettings name="default" id="908bc28d-65fa-4cb9-b154-cfed476b703b">
    <Deployment runDeploymentRoot="LENOVO_DESKTOP-0NLB2MR_2026-07-11_23_26_14" />
  </TestSettings>
  <Results>
    <UnitTestResult executionId="adc3377b-b810-452b-83bf-8da30831ebde" testId="34e1d3a9-be75-6363-0ddf-61e597fb4d24" testName="Rushframe.Domain.Tests.EditingTests.ToggleTrackSoloCommand" computerName="DESKTOP-0NLB2MR" duration="00:00:00.0012045" startTime="2026-07-11T23:26:14.6709166+08:00" endTime="2026-07-11T23:26:14.6719943+08:00" testType="13cdc9d9-ddb5-4fa4-a97d-d965ccfc6d4b" outcome="Passed" testListId="8c84fa94-04c1-424b-9868-57a2d4851a1d" relativeResultsDirectory="adc3377b-b810-452b-83bf-8da30831ebde" />
    <UnitTestResult executionId="24a46feb-0fc1-4941-a910-df9886bfbc58" testId="5f2bfe00-e458-c431-e8dc-471f66ed8f65" testName="Rushframe.Domain.Tests.UndoRedoStackTests.execute_then_undo_restores_original" computerName="DESKTOP-0NLB2MR" duration="00:00:00.0003322" startTime="2026-07-11T23:26:15.0872814+08:00" endTime="2026-07-11T23:26:15.0873546+08:00" testType="13cdc9d9-ddb5-4fa4-a97d-d965ccfc6d4b" outcome="Passed" testListId="8c84fa94-04c1-424b-9868-57a2d4851a1d" relativeResultsDirectory="24a46feb-0fc1-4941-a910-df9886bfbc58" />
    <UnitTestResult executionId="02801aa2-3316-4af3-ac28-32a4b33b1e34" testId="494abcf7-9453-fa5a-426e-238f49125640" testName="Rushframe.Domain.Tests.ArchitectureTests.Domain_should_not_depend_on_Infrastructure" computerName="DESKTOP-0NLB2MR" duration="00:00:00.0622877" startTime="2026-07-11T23:26:15.1049791+08:00" endTime="2026-07-11T23:26:15.1671819+08:00" testType="13cdc9d9-ddb5-4fa4-a97d-d965ccfc6d4b" outcome="Passed" testListId="8c84fa94-04c1-424b-9868-57a2d4851a1d" relativeResultsDirectory="02801aa2-3316-4af3-ac28-32a4b33b1e34" />
    <UnitTestResult executionId="1e0fb366-61ba-46a2-89a2-8f1e05385ea5" testId="947f8a45-d6f1-2bd5-9e30-6f71b71b2db6" testName="Rushframe.Domain.Tests.EditingTests.AddEffectCommand_Undo" computerName="DESKTOP-0NLB2MR" duration="00:00:00.0013402" startTime="2026-07-11T23:26:14.9359187+08:00" endTime="2026-07-11T23:26:14.9361623+08:00" testType="13cdc9d9-ddb5-4fa4-a97d-d965ccfc6d4b" outcome="Passed" testListId="8c84fa94-04c1-424b-9868-57a2d4851a1d" relativeResultsDirectory="1e0fb366-61ba-46a2-89a2-8f1e05385ea5" />
    <UnitTestResult executionId="eac1656c-01c7-4783-bb49-591e5038b497" testId="76057691-b002-6905-1de6-96e827ccbcc8" testName="Rushframe.Domain.Tests.ApplyMediaIntelligenceCommandTests.project_serialization_preserves_analysis_and_generated_links" computerName="DESKTOP-0NLB2MR" duration="00:00:00.7772553" startTime="2026-07-11T23:26:14.6663535+08:00" endTime="2026-07-11T23:26:15.4434948+08:00" testType="13cdc9d9-ddb5-4fa4-a97d-d965ccfc6d4b" outcome="Passed" testListId="8c84fa94-04c1-424b-9868-57a2d4851a1d" relativeResultsDirectory="eac1656c-01c7-4783-bb49-591e5038b497" />
    <UnitTestResult executionId="138bae30-46c3-415e-9a16-92ca332b6661" testId="7fd3d837-b23d-d749-9753-7838dc74f35a" testName="Rushframe.Domain.Tests.ProjectSerializerTests.save_reload_is_equivalent" computerName="DESKTOP-0NLB2MR" duration="00:00:00.0017321" startTime="2026-07-11T23:26:15.4400382+08:00" endTime="2026-07-11T23:26:15.4416338+08:00" testType="13cdc9d9-ddb5-4fa4-a97d-d965ccfc6d4b" outcome="Passed" testListId="8c84fa94-04c1-424b-9868-57a2d4851a1d" relativeResultsDirectory="138bae30-46c3-415e-9a16-92ca332b6661" />
    <UnitTestResult executionId="bb6db378-4dfe-47ea-aff8-d0e1c1d35db9" testId="2ff2e190-96c8-55d1-0d7c-eebbbe5a3a6a" testName="Rushframe.Domain.Tests.AddClipCommandTests.add_to_nonexistent_track_returns_error" computerName="DESKTOP-0NLB2MR" duration="00:00:00.0012530" startTime="2026-07-11T23:26:14.5921732+08:00" endTime="2026-07-11T23:26:14.5928800+08:00" testType="13cdc9d9-ddb5-4fa4-a97d-d965ccfc6d4b" outcome="Passed" testListId="8c84fa94-04c1-424b-9868-57a2d4851a1d" relativeResultsDirectory="bb6db378-4dfe-47ea-aff8-d0e1c1d35db9" />
    <UnitTestResult executionId="d9395b12-cbb4-4bec-ac74-9eea3ae09ac1" testId="0ac43287-a399-aa69-0b36-a860fef73250" testName="Rushframe.Domain.Tests.CompositeEditCommandTests.failed_composite_rolls_back_completed_commands" computerName="DESKTOP-0NLB2MR" duration="00:00:00.0027085" startTime="2026-07-11T23:26:15.0973140+08:00" endTime="2026-07-11T23:26:15.0999317+08:00" testType="13cdc9d9-ddb5-4fa4-a97d-d965ccfc6d4b" outcome="Passed" testListId="8c84fa94-04c1-424b-9868-57a2d4851a1d" relativeResultsDirectory="d9395b12-cbb4-4bec-ac74-9eea3ae09ac1" />
    <UnitTestResult executionId="7d1cce4c-c3e6-44a0-952a-a9b8e826fcbe" testId="375adf33-8ff4-c1bf-01c8-f63ed4489f87" testName="Rushframe.Domain.Tests.ArchitectureTests.Domain_should_not_depend_on_Desktop" computerName="DESKTOP-0NLB2MR" duration="00:00:00.7633779" startTime="2026-07-11T23:26:14.0462999+08:00" endTime="2026-07-11T23:26:14.8160393+08:00" testType="13cdc9d9-ddb5-4fa4-a97d-d965ccfc6d4b" outcome="Passed" testListId="8c84fa94-04c1-424b-9868-57a2d4851a1d" relativeResultsDirectory="7d1cce4c-c3e6-44a0-952a-a9b8e826fcbe" />
    <UnitTestResult executionId="94bda5e5-be17-40d0-970f-b47f1bf282b9" testId="cae21994-dc5d-962b-5bbd-eafb4571595b" testName="Rushframe.Domain.Tests.ProjectTests.new_project_has_default_sequence" computerName="DESKTOP-0NLB2MR" duration="00:00:00.0004636" startTime="2026-07-11T23:26:14.6080327+08:00" endTime="2026-07-11T23:26:14.6081256+08:00" testType="13cdc9d9-ddb5-4fa4-a97d-d965ccfc6d4b" outcome="Passed" testListId="8c84fa94-04c1-424b-9868-57a2d4851a1d" relativeResultsDirectory="94bda5e5-be17-40d0-970f-b47f1bf282b9" />
    <UnitTestResult executionId="be50d447-6178-4199-9e49-5fe864fee60a" testId="798cde54-e513-149a-0e23-925332a7b44c" testName="Rushframe.Domain.Tests.ProjectSerializerTests.serialized_json_contains_media_time_fields" computerName="DESKTOP-0NLB2MR" duration="00:00:01.3249454" startTime="2026-07-11T23:26:14.0467403+08:00" endTime="2026-07-11T23:26:15.3774621+08:00" testType="13cdc9d9-ddb5-4fa4-a97d-d965ccfc6d4b" outcome="Passed" testListId="8c84fa94-04c1-424b-9868-57a2d4851a1d" relativeResultsDirectory="be50d447-6178-4199-9e49-5fe864fee60a" />
    <UnitTestResult executionId="13dcf115-4edf-470d-8625-aee23f85fc03" testId="8f031176-08fd-c9df-40e7-2b457c94557c" testName="Rushframe.Domain.Tests.TrimClipCommandTests.trim_negative_start_returns_error" computerName="DESKTOP-0NLB2MR" duration="00:00:00.0002163" startTime="2026-07-11T23:26:14.6032833+08:00" endTime="2026-07-11T23:26:14.6033786+08:00" testType="13cdc9d9-ddb5-4fa4-a97d-d965ccfc6d4b" outcome="Passed" testListId="8c84fa94-04c1-424b-9868-57a2d4851a1d" relativeResultsDirectory="13dcf115-4edf-470d-8625-aee23f85fc03" />
    <UnitTestResult executionId="9361bf0f-8d8a-4c5f-bfde-07a55980920a" testId="47264a61-854c-65fd-62bd-8442efeb87a2" testName="Rushframe.Domain.Tests.EditingTests.DuplicateTrackCommand" computerName="DESKTOP-0NLB2MR" duration="00:00:00.0012577" startTime="2026-07-11T23:26:14.8886640+08:00" endTime="2026-07-11T23:26:14.8897248+08:00" testType="13cdc9d9-ddb5-4fa4-a97d-d965ccfc6d4b" outcome="Passed" testListId="8c84fa94-04c1-424b-9868-57a2d4851a1d" relativeResultsDirectory="9361bf0f-8d8a-4c5f-bfde-07a55980920a" />
    <UnitTestResult executionId="9ceecbd0-d04c-44d7-9a20-2ecb6d5d50c0" testId="86a29fb6-f293-4cb6-30e7-66f8d75d080b" testName="Rushframe.Domain.Tests.EditingTests.EditMarkerCommand_Undo" computerName="DESKTOP-0NLB2MR" duration="00:00:00.0016420" startTime="2026-07-11T23:26:14.6722742+08:00" endTime="2026-07-11T23:26:14.6738154+08:00" testType="13cdc9d9-ddb5-4fa4-a97d-d965ccfc6d4b" outcome="Passed" testListId="8c84fa94-04c1-424b-9868-57a2d4851a1d" relativeResultsDirectory="9ceecbd0-d04c-44d7-9a20-2ecb6d5d50c0" />
    <UnitTestResult executionId="6c9caefe-755f-4b04-acd8-0442f369bc71" testId="a7e335d7-3173-6255-b7c2-6cc36ea23d31" testName="Rushframe.Domain.Tests.EditingTests.SnapTarget_FromSequence_IncludesMarkers" computerName="DESKTOP-0NLB2MR" duration="00:00:00.0023184" startTime="2026-07-11T23:26:14.9182240+08:00" endTime="2026-07-11T23:26:14.9191254+08:00" testType="13cdc9d9-ddb5-4fa4-a97d-d965ccfc6d4b" outcome="Passed" testListId="8c84fa94-04c1-424b-9868-57a2d4851a1d" relativeResultsDirectory="6c9caefe-755f-4b04-acd8-0442f369bc71" />
    <UnitTestResult executionId="e18e9a63-7c83-4e86-a441-454da78d4ac7" testId="c6f49930-642a-0519-39a5-77b7eb229d4a" testName="Rushframe.Domain.Tests.EditingTests.EffectRegistry_GetReturnsNullForUnknown" computerName="DESKTOP-0NLB2MR" duration="00:00:00.0002198" startTime="2026-07-11T23:26:14.9356551+08:00" endTime="2026-07-11T23:26:14.9357314+08:00" testType="13cdc9d9-ddb5-4fa4-a97d-d965ccfc6d4b" outcome="Passed" testListId="8c84fa94-04c1-424b-9868-57a2d4851a1d" relativeResultsDirectory="e18e9a63-7c83-4e86-a441-454da78d4ac7" />
    <UnitTestResult executionId="13201c9f-be43-4e6b-869f-2183e8216bfa" testId="6a1ed038-c548-1faa-ad77-ae05a41f936d" testName="Rushframe.Domain.Tests.CompositeEditCommandTests.composite_command_is_one_undo_step" computerName="DESKTOP-0NLB2MR" duration="00:00:00.0015410" startTime="2026-07-11T23:26:15.1027594+08:00" endTime="2026-07-11T23:26:15.1028812+08:00" testType="13cdc9d9-ddb5-4fa4-a97d-d965ccfc6d4b" outcome="Passed" testListId="8c84fa94-04c1-424b-9868-57a2d4851a1d" relativeResultsDirectory="13201c9f-be43-4e6b-869f-2183e8216bfa" />
    <UnitTestResult executionId="8035ebed-0c46-41d4-8970-4b067abc8471" testId="6e2b2a8d-9af9-2a10-6095-73adcfbe1071" testName="Rushframe.Domain.Tests.EditingTests.RippleDeleteClipCommand_Undo" computerName="DESKTOP-0NLB2MR" duration="00:00:00.0010766" startTime="2026-07-11T23:26:14.9089300+08:00" endTime="2026-07-11T23:26:14.9096126+08:00" testType="13cdc9d9-ddb5-4fa4-a97d-d965ccfc6d4b" outcome="Passed" testListId="8c84fa94-04c1-424b-9868-57a2d4851a1d" relativeResultsDirectory="8035ebed-0c46-41d4-8970-4b067abc8471" />
    <UnitTestResult executionId="33208fa2-e45e-44c1-9151-d3e50971dd66" testId="7e143dc5-c80c-8d9e-291f-d10336f6b000" testName="Rushframe.Domain.Tests.EditingTests.RippleState_EnabledDefault" computerName="DESKTOP-0NLB2MR" duration="00:00:00.0001582" startTime="2026-07-11T23:26:14.9055150+08:00" endTime="2026-07-11T23:26:14.9056150+08:00" testType="13cdc9d9-ddb5-4fa4-a97d-d965ccfc6d4b" outcome="Passed" testListId="8c84fa94-04c1-424b-9868-57a2d4851a1d" relativeResultsDirectory="33208fa2-e45e-44c1-9151-d3e50971dd66" />
    <UnitTestResult executionId="b99d40cb-1b6e-4013-a979-302297b29470" testId="6d304906-ed25-5971-be7e-cdbb8d9f66c5" testName="Rushframe.Domain.Tests.EditingTests.AddMarkerCommand" computerName="DESKTOP-0NLB2MR" duration="00:00:00.0004769" startTime="2026-07-11T23:26:14.9272731+08:00" endTime="2026-07-11T23:26:14.9275092+08:00" testType="13cdc9d9-ddb5-4fa4-a97d-d965ccfc6d4b" outcome="Passed" testListId="8c84fa94-04c1-424b-9868-57a2d4851a1d" relativeResultsDirectory="b99d40cb-1b6e-4013-a979-302297b29470" />
    <UnitTestResult executionId="876a6077-317a-4b66-bdbe-0e678fb11999" testId="075e4661-6fd2-afcb-d03d-2d873076e1b3" testName="Rushframe.Domain.Tests.ProjectSerializerTests.unknown_extension_data_survives_round_trip" computerName="DESKTOP-0NLB2MR" duration="00:00:00.0620692" startTime="2026-07-11T23:26:15.3777812+08:00" endTime="2026-07-11T23:26:15.4396919+08:00" testType="13cdc9d9-ddb5-4fa4-a97d-d965ccfc6d4b" outcome="Passed" testListId="8c84fa94-04c1-424b-9868-57a2d4851a1d" relativeResultsDirectory="876a6077-317a-4b66-bdbe-0e678fb11999" />
    <UnitTestResult executionId="a077c4ce-ae62-48a3-a3cc-d6d3abda6a40" testId="6359d245-9954-472c-040e-9a7bba138805" testName="Rushframe.Domain.Tests.SplitClipCommandTests.split_undo_restores_single_item" computerName="DESKTOP-0NLB2MR" duration="00:00:00.0028203" startTime="2026-07-11T23:26:14.9392274+08:00" endTime="2026-07-11T23:26:14.9421600+08:00" testType="13cdc9d9-ddb5-4fa4-a97d-d965ccfc6d4b" outcome="Passed" testListId="8c84fa94-04c1-424b-9868-57a2d4851a1d" relativeResultsDirectory="a077c4ce-ae62-48a3-a3cc-d6d3abda6a40" />
    <UnitTestResult executionId="a8537d63-c1ce-4941-a6fa-6c9948c523b7" testId="ec4c7110-f4ba-f2ba-441e-32d4ea2a079b" testName="Rushframe.Domain.Tests.EditingTests.RemoveEffectCommand_Undo" computerName="DESKTOP-0NLB2MR" duration="00:00:00.0009015" startTime="2026-07-11T23:26:14.9158492+08:00" endTime="2026-07-11T23:26:14.9167271+08:00" testType="13cdc9d9-ddb5-4fa4-a97d-d965ccfc6d4b" outcome="Passed" testListId="8c84fa94-04c1-424b-9868-57a2d4851a1d" relativeResultsDirectory="a8537d63-c1ce-4941-a6fa-6c9948c523b7" />
    <UnitTestResult executionId="c84bddd3-d487-4a38-987d-5a978ac2cfef" testId="27d07004-2863-39c7-fb6f-a8aa29ee82a8" testName="Rushframe.Domain.Tests.RecoveryPersistenceTests.ProjectRepository_SaveLoad_RoundTripsProject" computerName="DESKTOP-0NLB2MR" duration="00:00:00.0340713" startTime="2026-07-11T23:26:15.4153725+08:00" endTime="2026-07-11T23:26:15.4479292+08:00" testType="13cdc9d9-ddb5-4fa4-a97d-d965ccfc6d4b" outcome="Passed" testListId="8c84fa94-04c1-424b-9868-57a2d4851a1d" relativeResultsDirectory="c84bddd3-d487-4a38-987d-5a978ac2cfef" />
    <UnitTestResult executionId="ad0639d7-e88b-4388-a4b0-981be8939797" testId="a6f7572d-40c8-3148-b172-b8dc27788599" testName="Rushframe.Domain.Tests.MoveClipCommandTests.move_text_to_overlay_track_is_compatible" computerName="DESKTOP-0NLB2MR" duration="00:00:00.0004043" startTime="2026-07-11T23:26:14.6039964+08:00" endTime="2026-07-11T23:26:14.6040494+08:00" testType="13cdc9d9-ddb5-4fa4-a97d-d965ccfc6d4b" outcome="Passed" testListId="8c84fa94-04c1-424b-9868-57a2d4851a1d" relativeResultsDirectory="ad0639d7-e88b-4388-a4b0-981be8939797" />
    <UnitTestResult executionId="0183500b-dfa9-4213-a0a0-5c678482815a" testId="b35c31f0-fa64-ae38-cf48-6439a89939b0" testName="Rushframe.Domain.Tests.DeleteClipCommandTests.delete_undo_restores_item" computerName="DESKTOP-0NLB2MR" duration="00:00:00.0017267" startTime="2026-07-11T23:26:14.9365909+08:00" endTime="2026-07-11T23:26:14.9383877+08:00" testType="13cdc9d9-ddb5-4fa4-a97d-d965ccfc6d4b" outcome="Passed" testListId="8c84fa94-04c1-424b-9868-57a2d4851a1d" relativeResultsDirectory="0183500b-dfa9-4213-a0a0-5c678482815a" />
    <UnitTestResult executionId="f37365a9-ff68-4366-a520-9dcc97576610" testId="9b6afff3-28da-6b21-20d5-34988047d588" testName="Rushframe.Domain.Tests.TrimClipCommandTests.invalid_duration_does_not_partially_apply_other_values" computerName="DESKTOP-0NLB2MR" duration="00:00:00.0005602" startTime="2026-07-11T23:26:14.5924648+08:00" endTime="2026-07-11T23:26:14.5925365+08:00" testType="13cdc9d9-ddb5-4fa4-a97d-d965ccfc6d4b" outcome="Passed" testListId="8c84fa94-04c1-424b-9868-57a2d4851a1d" relativeResultsDirectory="f37365a9-ff68-4366-a520-9dcc97576610" />
    <UnitTestResult executionId="90b1fff3-67d5-465b-ba2e-1bf40c80c760" testId="11fafab6-4fb2-8550-f70b-72f9a202545b" testName="Rushframe.Domain.Tests.MediaIntelligenceSearchServiceTests.FindBestTake_uses_recommended_candidate" computerName="DESKTOP-0NLB2MR" duration="00:00:00.0080004" startTime="2026-07-11T23:26:15.0899913+08:00" endTime="2026-07-11T23:26:15.0969235+08:00" testType="13cdc9d9-ddb5-4fa4-a97d-d965ccfc6d4b" outcome="Passed" testListId="8c84fa94-04c1-424b-9868-57a2d4851a1d" relativeResultsDirectory="90b1fff3-67d5-465b-ba2e-1bf40c80c760" />
    <UnitTestResult executionId="a02fdb84-9d06-491e-bfb4-7428aa991a0f" testId="1df44a2f-9d2e-7d0a-3892-adaef42ae0ec" testName="Rushframe.Domain.Tests.EditingTests.ToggleTrackMuteCommand" computerName="DESKTOP-0NLB2MR" duration="00:00:00.0012267" startTime="2026-07-11T23:26:14.9296707+08:00" endTime="2026-07-11T23:26:14.9307228+08:00" testType="13cdc9d9-ddb5-4fa4-a97d-d965ccfc6d4b" outcome="Passed" testListId="8c84fa94-04c1-424b-9868-57a2d4851a1d" relativeResultsDirectory="a02fdb84-9d06-491e-bfb4-7428aa991a0f" />
    <UnitTestResult executionId="e541858b-7fd9-42b0-a59a-08188506c133" testId="4ba3a438-eed2-3e0e-f254-c8e91827f8d9" testName="Rushframe.Domain.Tests.CacheServiceTests.EvictOldEntries_EnforcesProxySizeLimit" computerName="DESKTOP-0NLB2MR" duration="00:00:00.5692960" startTime="2026-07-11T23:26:14.6071273+08:00" endTime="2026-07-11T23:26:15.1281670+08:00" testType="13cdc9d9-ddb5-4fa4-a97d-d965ccfc6d4b" outcome="Passed" testListId="8c84fa94-04c1-424b-9868-57a2d4851a1d" relativeResultsDirectory="e541858b-7fd9-42b0-a59a-08188506c133" />
    <UnitTestResult executionId="85b80c24-db9d-4547-b5e1-cdb71632c895" testId="73fd7526-55e4-c039-7933-0219d298324b" testName="Rushframe.Domain.Tests.ArchitectureTests.Domain_should_not_depend_on_Application" computerName="DESKTOP-0NLB2MR" duration="00:00:00.0357198" startTime="2026-07-11T23:26:15.1690742+08:00" endTime="2026-07-11T23:26:15.2046573+08:00" testType="13cdc9d9-ddb5-4fa4-a97d-d965ccfc6d4b" outcome="Passed" testListId="8c84fa94-04c1-424b-9868-57a2d4851a1d" relativeResultsDirectory="85b80c24-db9d-4547-b5e1-cdb71632c895" />
    <UnitTestResult executionId="d3c86d74-ccdc-41d3-860b-5e4daa389f89" testId="a9eba4ca-b5e0-1f53-a064-edf4e33b4c8a" testName="Rushframe.Domain.Tests.EditingTests.DeleteTrackCommand_DeletesTrack" computerName="DESKTOP-0NLB2MR" duration="00:00:00.0002597" startTime="2026-07-11T23:26:14.9309873+08:00" endTime="2026-07-11T23:26:14.9310661+08:00" testType="13cdc9d9-ddb5-4fa4-a97d-d965ccfc6d4b" outcome="Passed" testListId="8c84fa94-04c1-424b-9868-57a2d4851a1d" relativeResultsDirectory="d3c86d74-ccdc-41d3-860b-5e4daa389f89" />
    <UnitTestResult executionId="6f323723-2577-4ad0-bbf7-1cb45aff23bf" testId="cdf12556-c202-ff22-3bf5-e031cb38444b" testName="Rushframe.Domain.Tests.EditingTests.SetTextPropertiesCommand_Undo" computerName="DESKTOP-0NLB2MR" duration="00:00:00.0010467" startTime="2026-07-11T23:26:14.9282894+08:00" endTime="2026-07-11T23:26:14.9293810+08:00" testType="13cdc9d9-ddb5-4fa4-a97d-d965ccfc6d4b" outcome="Passed" testListId="8c84fa94-04c1-424b-9868-57a2d4851a1d" relativeResultsDirectory="6f323723-2577-4ad0-bbf7-1cb45aff23bf" />
    <UnitTestResult executionId="055d0b99-68a4-4fca-9b4f-809704aea98e" testId="8666b427-bfad-adcc-8233-ce62f0961d47" testName="Rushframe.Domain.Tests.EditingTests.DeleteTrackCommand_Undo" computerName="DESKTOP-0NLB2MR" duration="00:00:00.0004766" startTime="2026-07-11T23:26:14.8940281+08:00" endTime="2026-07-11T23:26:14.8942474+08:00" testType="13cdc9d9-ddb5-4fa4-a97d-d965ccfc6d4b" outcome="Passed" testListId="8c84fa94-04c1-424b-9868-57a2d4851a1d" relativeResultsDirectory="055d0b99-68a4-4fca-9b4f-809704aea98e" />
    <UnitTestResult executionId="6eba7a24-adfb-45cb-8585-59610f2f6c3c" testId="86cf7aea-0ff1-a283-50f8-92d5a5ab88e9" testName="Rushframe.Domain.Tests.EditingTests.ReorderTrackCommand_Undo" computerName="DESKTOP-0NLB2MR" duration="00:00:00.0598764" startTime="2026-07-11T23:26:14.6140874+08:00" endTime="2026-07-11T23:26:14.6615101+08:00" testType="13cdc9d9-ddb5-4fa4-a97d-d965ccfc6d4b" outcome="Passed" testListId="8c84fa94-04c1-424b-9868-57a2d4851a1d" relativeResultsDirectory="6eba7a24-adfb-45cb-8585-59610f2f6c3c" />
    <UnitTestResult executionId="89516f5f-68e0-4388-aab5-a46050a8812e" testId="fd9a07b2-32ea-9f46-400b-fb5cbf065525" testName="Rushframe.Domain.Tests.ApplyMediaIntelligenceCommandTests.execute_replaces_previous_generated_content_and_undo_restores_it" computerName="DESKTOP-0NLB2MR" duration="00:00:00.0071325" startTime="2026-07-11T23:26:15.4438661+08:00" endTime="2026-07-11T23:26:15.4508080+08:00" testType="13cdc9d9-ddb5-4fa4-a97d-d965ccfc6d4b" outcome="Passed" testListId="8c84fa94-04c1-424b-9868-57a2d4851a1d" relativeResultsDirectory="89516f5f-68e0-4388-aab5-a46050a8812e" />
    <UnitTestResult executionId="f57a34a6-2ced-49d0-a94c-b88930d328f0" testId="b8fbde71-8056-40ed-076d-d0a5e2a48364" testName="Rushframe.Domain.Tests.EditingTests.AddTrackCommand_AddsTrack" computerName="DESKTOP-0NLB2MR" duration="00:00:00.0003283" startTime="2026-07-11T23:26:14.9058963+08:00" endTime="2026-07-11T23:26:14.9059760+08:00" testType="13cdc9d9-ddb5-4fa4-a97d-d965ccfc6d4b" outcome="Passed" testListId="8c84fa94-04c1-424b-9868-57a2d4851a1d" relativeResultsDirectory="f57a34a6-2ced-49d0-a94c-b88930d328f0" />
    <UnitTestResult executionId="09f83b3c-223d-4d26-ad4c-a19616a2570b" testId="d7cfadc9-0c22-9fd5-614e-ec73ded7f821" testName="Rushframe.Domain.Tests.EditingTests.Keyframe_GetValueAt_NoKeyframes" computerName="DESKTOP-0NLB2MR" duration="00:00:00.0004740" startTime="2026-07-11T23:26:14.9147512+08:00" endTime="2026-07-11T23:26:14.9150029+08:00" testType="13cdc9d9-ddb5-4fa4-a97d-d965ccfc6d4b" outcome="Passed" testListId="8c84fa94-04c1-424b-9868-57a2d4851a1d" relativeResultsDirectory="09f83b3c-223d-4d26-ad4c-a19616a2570b" />
    <UnitTestResult executionId="2820c826-076c-4969-aca9-2bb51654469b" testId="6dcefeea-649d-3dc8-1f57-3cbc263ad978" testName="Rushframe.Domain.Tests.ProjectTests.add_sequence_increases_count" computerName="DESKTOP-0NLB2MR" duration="00:00:00.0034180" startTime="2026-07-11T23:26:14.6071763+08:00" endTime="2026-07-11T23:26:14.6073263+08:00" testType="13cdc9d9-ddb5-4fa4-a97d-d965ccfc6d4b" outcome="Passed" testListId="8c84fa94-04c1-424b-9868-57a2d4851a1d" relativeResultsDirectory="2820c826-076c-4969-aca9-2bb51654469b" />
    <UnitTestResult executionId="c39532b2-4062-4228-bd7e-e924b8eb1384" testId="c4f2958c-3236-ab3f-f4e8-3b6998a43f3a" testName="Rushframe.Domain.Tests.TrimClipCommandTests.trim_source_start_updates_and_undo_restores" computerName="DESKTOP-0NLB2MR" duration="00:00:00.0004403" startTime="2026-07-11T23:26:14.6028442+08:00" endTime="2026-07-11T23:26:14.6029792+08:00" testType="13cdc9d9-ddb5-4fa4-a97d-d965ccfc6d4b" outcome="Passed" testListId="8c84fa94-04c1-424b-9868-57a2d4851a1d" relativeResultsDirectory="c39532b2-4062-4228-bd7e-e924b8eb1384" />
    <UnitTestResult executionId="a6974c9c-1ba7-494c-9dfe-3156fbc1a9a5" testId="be6e51ca-a1c5-3d3c-6551-56506042d0e5" testName="Rushframe.Domain.Tests.ArchitectureTests.Domain_should_not_depend_on_Media_Native" computerName="DESKTOP-0NLB2MR" duration="00:00:00.0579367" startTime="2026-07-11T23:26:15.2050504+08:00" endTime="2026-07-11T23:26:15.2628078+08:00" testType="13cdc9d9-ddb5-4fa4-a97d-d965ccfc6d4b" outcome="Passed" testListId="8c84fa94-04c1-424b-9868-57a2d4851a1d" relativeResultsDirectory="a6974c9c-1ba7-494c-9dfe-3156fbc1a9a5" />
    <UnitTestResult executionId="7f6a2b35-c6dc-4cae-adb7-623dffc7475c" testId="78e535a9-ba4a-8e60-2e6d-3ef931152986" testName="Rushframe.Domain.Tests.ProjectTests.project_id_is_unique" computerName="DESKTOP-0NLB2MR" duration="00:00:00.0038973" startTime="2026-07-11T23:26:14.6076701+08:00" endTime="2026-07-11T23:26:14.6077729+08:00" testType="13cdc9d9-ddb5-4fa4-a97d-d965ccfc6d4b" outcome="Passed" testListId="8c84fa94-04c1-424b-9868-57a2d4851a1d" relativeResultsDirectory="7f6a2b35-c6dc-4cae-adb7-623dffc7475c" />
    <UnitTestResult executionId="47d251ee-5e9e-4da8-ae74-462b7ce88752" testId="941ff7e4-8bef-9e53-cf6e-4e535567debc" testName="Rushframe.Domain.Tests.EditingTests.EffectRegistry_GetByCategory" computerName="DESKTOP-0NLB2MR" duration="00:00:00.0027338" startTime="2026-07-11T23:26:14.8953002+08:00" endTime="2026-07-11T23:26:14.8980104+08:00" testType="13cdc9d9-ddb5-4fa4-a97d-d965ccfc6d4b" outcome="Passed" testListId="8c84fa94-04c1-424b-9868-57a2d4851a1d" relativeResultsDirectory="47d251ee-5e9e-4da8-ae74-462b7ce88752" />
    <UnitTestResult executionId="bf2ec67e-88c9-413a-827f-5e1ea9335fef" testId="43457fcb-486b-fbab-7074-8c0e577b3a29" testName="Rushframe.Domain.Tests.DeleteClipCommandTests.delete_removes_item" computerName="DESKTOP-0NLB2MR" duration="00:00:00.0002849" startTime="2026-07-11T23:26:14.9388491+08:00" endTime="2026-07-11T23:26:14.9389312+08:00" testType="13cdc9d9-ddb5-4fa4-a97d-d965ccfc6d4b" outcome="Passed" testListId="8c84fa94-04c1-424b-9868-57a2d4851a1d" relativeResultsDirectory="bf2ec67e-88c9-413a-827f-5e1ea9335fef" />
    <UnitTestResult executionId="51d1159b-cb52-4e7b-8049-89a377a245a0" testId="5363f8c8-6465-4304-569e-fb5671b100a1" testName="Rushframe.Domain.Tests.EditingTests.ReorderEffectCommand" computerName="DESKTOP-0NLB2MR" duration="00:00:00.0014763" startTime="2026-07-11T23:26:14.9312684+08:00" endTime="2026-07-11T23:26:14.9326742+08:00" testType="13cdc9d9-ddb5-4fa4-a97d-d965ccfc6d4b" outcome="Passed" testListId="8c84fa94-04c1-424b-9868-57a2d4851a1d" relativeResultsDirectory="51d1159b-cb52-4e7b-8049-89a377a245a0" />
    <UnitTestResult executionId="bbff9e5e-adc8-4215-bbdb-ac8a707e3876" testId="a00acd7c-9264-b7d8-6415-2a8a2cb31852" testName="Rushframe.Domain.Tests.EditingTests.SetTextContentCommand_Undo" computerName="DESKTOP-0NLB2MR" duration="00:00:00.0014001" startTime="2026-07-11T23:26:14.9081657+08:00" endTime="2026-07-11T23:26:14.9082763+08:00" testType="13cdc9d9-ddb5-4fa4-a97d-d965ccfc6d4b" outcome="Passed" testListId="8c84fa94-04c1-424b-9868-57a2d4851a1d" relativeResultsDirectory="bbff9e5e-adc8-4215-bbdb-ac8a707e3876" />
    <UnitTestResult executionId="3dcce52c-ef3b-45f6-bb1e-871c66b16bae" testId="372abd9d-ec0d-aec7-a883-9a41b69e9cbf" testName="Rushframe.Domain.Tests.EditingTests.ToggleTrackLockCommand" computerName="DESKTOP-0NLB2MR" duration="00:00:00.0011763" startTime="2026-07-11T23:26:14.9329378+08:00" endTime="2026-07-11T23:26:14.9339420+08:00" testType="13cdc9d9-ddb5-4fa4-a97d-d965ccfc6d4b" outcome="Passed" testListId="8c84fa94-04c1-424b-9868-57a2d4851a1d" relativeResultsDirectory="3dcce52c-ef3b-45f6-bb1e-871c66b16bae" />
    <UnitTestResult executionId="4a38e096-8d97-4728-b3db-a4b91be22d57" testId="43a99064-6289-fa55-43a7-05db3c04aeb6" testName="Rushframe.Domain.Tests.EditingTests.Keyframe_GetValueAt_Hold" computerName="DESKTOP-0NLB2MR" duration="00:00:00.0003389" startTime="2026-07-11T23:26:14.9101218+08:00" endTime="2026-07-11T23:26:14.9101962+08:00" testType="13cdc9d9-ddb5-4fa4-a97d-d965ccfc6d4b" outcome="Passed" testListId="8c84fa94-04c1-424b-9868-57a2d4851a1d" relativeResultsDirectory="4a38e096-8d97-4728-b3db-a4b91be22d57" />
    <UnitTestResult executionId="5299e497-13f6-44cd-b355-162b78e76a81" testId="d1892bb0-19f8-32c8-31ac-a2d02cb8334e" testName="Rushframe.Domain.Tests.UndoRedoStackTests.new_command_clears_redo_stack" computerName="DESKTOP-0NLB2MR" duration="00:00:00.0030249" startTime="2026-07-11T23:26:15.0835315+08:00" endTime="2026-07-11T23:26:15.0866367+08:00" testType="13cdc9d9-ddb5-4fa4-a97d-d965ccfc6d4b" outcome="Passed" testListId="8c84fa94-04c1-424b-9868-57a2d4851a1d" relativeResultsDirectory="5299e497-13f6-44cd-b355-162b78e76a81" />
    <UnitTestResult executionId="65435784-0d54-4543-85f3-e3d2543c4393" testId="d68dd479-fb25-5dfd-e828-e50789acfa61" testName="Rushframe.Domain.Tests.AddClipCommandTests.add_clip_undo_removes_it" computerName="DESKTOP-0NLB2MR" duration="00:00:00.4778637" startTime="2026-07-11T23:26:14.0466980+08:00" endTime="2026-07-11T23:26:14.5402758+08:00" testType="13cdc9d9-ddb5-4fa4-a97d-d965ccfc6d4b" outcome="Passed" testListId="8c84fa94-04c1-424b-9868-57a2d4851a1d" relativeResultsDirectory="65435784-0d54-4543-85f3-e3d2543c4393" />
    <UnitTestResult executionId="a9bb27d1-197a-454f-af72-446026bf8eb2" testId="0b14b17f-3245-ebb3-6ba3-a8c79e37c980" testName="Rushframe.Domain.Tests.AddClipCommandTests.add_clip_to_track" computerName="DESKTOP-0NLB2MR" duration="00:00:00.0006040" startTime="2026-07-11T23:26:14.5913582+08:00" endTime="2026-07-11T23:26:14.5915692+08:00" testType="13cdc9d9-ddb5-4fa4-a97d-d965ccfc6d4b" outcome="Passed" testListId="8c84fa94-04c1-424b-9868-57a2d4851a1d" relativeResultsDirectory="a9bb27d1-197a-454f-af72-446026bf8eb2" />
    <UnitTestResult executionId="e4de9fc7-06f5-41be-a90b-573fd96fd455" testId="74706af6-bf45-409f-3daf-959a38a48327" testName="Rushframe.Domain.Tests.ApplyMediaIntelligenceCommandTests.execute_maps_source_times_to_trimmed_speed_adjusted_timeline" computerName="DESKTOP-0NLB2MR" duration="00:00:00.6136137" startTime="2026-07-11T23:26:14.0440408+08:00" endTime="2026-07-11T23:26:14.6660568+08:00" testType="13cdc9d9-ddb5-4fa4-a97d-d965ccfc6d4b" outcome="Passed" testListId="8c84fa94-04c1-424b-9868-57a2d4851a1d" relativeResultsDirectory="e4de9fc7-06f5-41be-a90b-573fd96fd455" />
    <UnitTestResult executionId="13f68bac-2868-4bec-9312-36999c1f02e0" testId="2335d745-5737-23e6-7294-215322aadfdd" testName="Rushframe.Domain.Tests.EditingTests.Keyframe_GetValueAt_BeforeFirst" computerName="DESKTOP-0NLB2MR" duration="00:00:00.0003199" startTime="2026-07-11T23:26:14.9153328+08:00" endTime="2026-07-11T23:26:14.9156411+08:00" testType="13cdc9d9-ddb5-4fa4-a97d-d965ccfc6d4b" outcome="Passed" testListId="8c84fa94-04c1-424b-9868-57a2d4851a1d" relativeResultsDirectory="13f68bac-2868-4bec-9312-36999c1f02e0" />
    <UnitTestResult executionId="0ac29f35-66e3-4f40-bcd5-0c97aefa5fa5" testId="e9131c93-78e9-d0e1-e6e4-55f1d04e969d" testName="Rushframe.Domain.Tests.EditingTests.DeleteMarkerCommand_Undo" computerName="DESKTOP-0NLB2MR" duration="00:00:00.0011772" startTime="2026-07-11T23:26:14.6696438+08:00" endTime="2026-07-11T23:26:14.6706340+08:00" testType="13cdc9d9-ddb5-4fa4-a97d-d965ccfc6d4b" outcome="Passed" testListId="8c84fa94-04c1-424b-9868-57a2d4851a1d" relativeResultsDirectory="0ac29f35-66e3-4f40-bcd5-0c97aefa5fa5" />
    <UnitTestResult executionId="c32b61ef-53c6-4221-a4fc-40b612d56c9a" testId="7cf73ff5-9ebd-e688-9452-5ea357430467" testName="Rushframe.Domain.Tests.EditingTests.ApplyTransitionCommand" computerName="DESKTOP-0NLB2MR" duration="00:00:00.0072035" startTime="2026-07-11T23:26:14.9194992+08:00" endTime="2026-07-11T23:26:14.9269635+08:00" testType="13cdc9d9-ddb5-4fa4-a97d-d965ccfc6d4b" outcome="Passed" testListId="8c84fa94-04c1-424b-9868-57a2d4851a1d" relativeResultsDirectory="c32b61ef-53c6-4221-a4fc-40b612d56c9a" />
    <UnitTestResult executionId="6a41a3aa-7204-48bf-b5c4-2461499145ea" testId="b1ba8ae1-a4bc-cd75-94c8-12c52936bc46" testName="Rushframe.Domain.Tests.EditingTests.RenameTrackCommand" computerName="DESKTOP-0NLB2MR" duration="00:00:00.0002638" startTime="2026-07-11T23:26:14.6785001+08:00" endTime="2026-07-11T23:26:14.6862454+08:00" testType="13cdc9d9-ddb5-4fa4-a97d-d965ccfc6d4b" outcome="Passed" testListId="8c84fa94-04c1-424b-9868-57a2d4851a1d" relativeResultsDirectory="6a41a3aa-7204-48bf-b5c4-2461499145ea" />
    <UnitTestResult executionId="0334fa08-2638-49f1-ae97-d957feba28cb" testId="aec98765-6d39-aee3-810e-7bd17130e2d9" testName="Rushframe.Domain.Tests.EditingTests.RenameTrackCommand_Undo" computerName="DESKTOP-0NLB2MR" duration="00:00:00.0013006" startTime="2026-07-11T23:26:14.6681745+08:00" endTime="2026-07-11T23:26:14.6692859+08:00" testType="13cdc9d9-ddb5-4fa4-a97d-d965ccfc6d4b" outcome="Passed" testListId="8c84fa94-04c1-424b-9868-57a2d4851a1d" relativeResultsDirectory="0334fa08-2638-49f1-ae97-d957feba28cb" />
    <UnitTestResult executionId="cab910ed-2701-4306-8ae7-efb0537abfe5" testId="8f1a2318-51cf-3d39-e7a2-e359086f4737" testName="Rushframe.Domain.Tests.EditingTests.SetTextContentCommand" computerName="DESKTOP-0NLB2MR" duration="00:00:00.0004455" startTime="2026-07-11T23:26:14.9277412+08:00" endTime="2026-07-11T23:26:14.9280415+08:00" testType="13cdc9d9-ddb5-4fa4-a97d-d965ccfc6d4b" outcome="Passed" testListId="8c84fa94-04c1-424b-9868-57a2d4851a1d" relativeResultsDirectory="cab910ed-2701-4306-8ae7-efb0537abfe5" />
    <UnitTestResult executionId="d434446d-c564-43b2-8a2c-dbb17bb0f337" testId="05cd860d-0c88-b0e2-f481-448fb86229b9" testName="Rushframe.Domain.Tests.TrimClipCommandTests.trim_undo_restores_values" computerName="DESKTOP-0NLB2MR" duration="00:00:00.4777013" startTime="2026-07-11T23:26:14.0467739+08:00" endTime="2026-07-11T23:26:14.5342751+08:00" testType="13cdc9d9-ddb5-4fa4-a97d-d965ccfc6d4b" outcome="Passed" testListId="8c84fa94-04c1-424b-9868-57a2d4851a1d" relativeResultsDirectory="d434446d-c564-43b2-8a2c-dbb17bb0f337" />
    <UnitTestResult executionId="23baf4f7-a98c-4012-8910-b79f153d2f16" testId="b1f3be02-a580-953f-d13f-8f5290c54cb0" testName="Rushframe.Domain.Tests.EditingTests.SnapTarget_FindSnap_ReturnsNullWhenFar" computerName="DESKTOP-0NLB2MR" duration="00:00:00.0041993" startTime="2026-07-11T23:26:14.6134750+08:00" endTime="2026-07-11T23:26:14.6135576+08:00" testType="13cdc9d9-ddb5-4fa4-a97d-d965ccfc6d4b" outcome="Passed" testListId="8c84fa94-04c1-424b-9868-57a2d4851a1d" relativeResultsDirectory="23baf4f7-a98c-4012-8910-b79f153d2f16" />
    <UnitTestResult executionId="4aa95a61-ae22-4923-8ec5-2444305f8e4a" testId="e82895ff-8d4c-3ad3-4ffb-2ef6fe516321" testName="Rushframe.Domain.Tests.EditingTests.DuplicateTrackCommand_Undo" computerName="DESKTOP-0NLB2MR" duration="00:00:00.0016597" startTime="2026-07-11T23:26:14.6137764+08:00" endTime="2026-07-11T23:26:14.6138663+08:00" testType="13cdc9d9-ddb5-4fa4-a97d-d965ccfc6d4b" outcome="Passed" testListId="8c84fa94-04c1-424b-9868-57a2d4851a1d" relativeResultsDirectory="4aa95a61-ae22-4923-8ec5-2444305f8e4a" />
    <UnitTestResult executionId="572535d1-61e1-4be4-8448-8c0282e21ee9" testId="d56acf89-5c2f-18b1-503b-86cacda2509d" testName="Rushframe.Domain.Tests.EditingTests.RippleDeleteClipCommand_Ripple" computerName="DESKTOP-0NLB2MR" duration="00:00:00.0030512" startTime="2026-07-11T23:26:14.6649178+08:00" endTime="2026-07-11T23:26:14.6678648+08:00" testType="13cdc9d9-ddb5-4fa4-a97d-d965ccfc6d4b" outcome="Passed" testListId="8c84fa94-04c1-424b-9868-57a2d4851a1d" relativeResultsDirectory="572535d1-61e1-4be4-8448-8c0282e21ee9" />
    <UnitTestResult executionId="49ce2fe2-cf18-44ae-b9bf-c20f7fd033dc" testId="c75a5a4c-6831-9dd2-8de1-ac48bca78824" testName="Rushframe.Domain.Tests.ArchitectureTests.Application_should_depend_on_Domain" computerName="DESKTOP-0NLB2MR" duration="00:00:00.2368481" startTime="2026-07-11T23:26:14.8163730+08:00" endTime="2026-07-11T23:26:15.0531033+08:00" testType="13cdc9d9-ddb5-4fa4-a97d-d965ccfc6d4b" outcome="Passed" testListId="8c84fa94-04c1-424b-9868-57a2d4851a1d" relativeResultsDirectory="49ce2fe2-cf18-44ae-b9bf-c20f7fd033dc" />
    <UnitTestResult executionId="42ea1370-977e-42ba-bccc-67ddec2b3884" testId="d2199e5e-e058-b736-e4c2-6abcde83b15c" testName="Rushframe.Domain.Tests.MoveClipCommandTests.move_video_to_audio_track_is_incompatible" computerName="DESKTOP-0NLB2MR" duration="00:00:00.0003259" startTime="2026-07-11T23:26:14.6037443+08:00" endTime="2026-07-11T23:26:14.6037990+08:00" testType="13cdc9d9-ddb5-4fa4-a97d-d965ccfc6d4b" outcome="Passed" testListId="8c84fa94-04c1-424b-9868-57a2d4851a1d" relativeResultsDirectory="42ea1370-977e-42ba-bccc-67ddec2b3884" />
    <UnitTestResult executionId="aa73b212-db56-47d7-8f54-dcbc48f48b92" testId="7eeed3f8-805f-1c6b-c337-87c6ffead455" testName="Rushframe.Domain.Tests.UndoRedoStackTests.undo_empty_returns_error" computerName="DESKTOP-0NLB2MR" duration="00:00:00.0001595" startTime="2026-07-11T23:26:15.0869498+08:00" endTime="2026-07-11T23:26:15.0870427+08:00" testType="13cdc9d9-ddb5-4fa4-a97d-d965ccfc6d4b" outcome="Passed" testListId="8c84fa94-04c1-424b-9868-57a2d4851a1d" relativeResultsDirectory="aa73b212-db56-47d7-8f54-dcbc48f48b92" />
    <UnitTestResult executionId="c49c7a1d-a915-49ae-b14c-13b5f9e80fc5" testId="e9b4a83c-8874-b1e8-d427-3a85a3abfb5c" testName="Rushframe.Domain.Tests.UndoRedoStackTests.undo_then_redo_works" computerName="DESKTOP-0NLB2MR" duration="00:00:00.0004578" startTime="2026-07-11T23:26:15.0875737+08:00" endTime="2026-07-11T23:26:15.0891910+08:00" testType="13cdc9d9-ddb5-4fa4-a97d-d965ccfc6d4b" outcome="Passed" testListId="8c84fa94-04c1-424b-9868-57a2d4851a1d" relativeResultsDirectory="c49c7a1d-a915-49ae-b14c-13b5f9e80fc5" />
    <UnitTestResult executionId="37202372-1ff2-4f80-afbb-03a08b4b843e" testId="dd059909-482f-96ed-d703-84cd501771fb" testName="Rushframe.Domain.Tests.TrimClipCommandTests.trim_zero_duration_returns_error" computerName="DESKTOP-0NLB2MR" duration="00:00:00.0009495" startTime="2026-07-11T23:26:14.5913917+08:00" endTime="2026-07-11T23:26:14.5922535+08:00" testType="13cdc9d9-ddb5-4fa4-a97d-d965ccfc6d4b" outcome="Passed" testListId="8c84fa94-04c1-424b-9868-57a2d4851a1d" relativeResultsDirectory="37202372-1ff2-4f80-afbb-03a08b4b843e" />
    <UnitTestResult executionId="f2858092-abfc-41e4-a139-9cf8d1577df3" testId="ebc6faaf-bd1d-0d56-0412-2e990e5f8fb0" testName="Rushframe.Domain.Tests.EditingTests.SetTextPropertiesCommand" computerName="DESKTOP-0NLB2MR" duration="00:00:00.0043413" startTime="2026-07-11T23:26:14.9103949+08:00" endTime="2026-07-11T23:26:14.9144236+08:00" testType="13cdc9d9-ddb5-4fa4-a97d-d965ccfc6d4b" outcome="Passed" testListId="8c84fa94-04c1-424b-9868-57a2d4851a1d" relativeResultsDirectory="f2858092-abfc-41e4-a139-9cf8d1577df3" />
    <UnitTestResult executionId="3fb1cf05-9036-4c02-94e4-a52cac8f1634" testId="7130d5bd-8a3c-39f5-cdf5-9307d2c5092a" testName="Rushframe.Domain.Tests.MediaTimeTests.Zero_is_zero" computerName="DESKTOP-0NLB2MR" duration="00:00:00.0040193" startTime="2026-07-11T23:26:14.6119369+08:00" endTime="2026-07-11T23:26:14.6120272+08:00" testType="13cdc9d9-ddb5-4fa4-a97d-d965ccfc6d4b" outcome="Passed" testListId="8c84fa94-04c1-424b-9868-57a2d4851a1d" relativeResultsDirectory="3fb1cf05-9036-4c02-94e4-a52cac8f1634" />
    <UnitTestResult executionId="6cb30626-d7cd-4eb0-8d8a-70ba3cd741dd" testId="7bc76e3b-d097-828e-4e5b-ae099d0515de" testName="Rushframe.Domain.Tests.EditingTests.AddMarkerCommand_Undo" computerName="DESKTOP-0NLB2MR" duration="00:00:00.0009334" startTime="2026-07-11T23:26:14.6753997+08:00" endTime="2026-07-11T23:26:14.6755210+08:00" testType="13cdc9d9-ddb5-4fa4-a97d-d965ccfc6d4b" outcome="Passed" testListId="8c84fa94-04c1-424b-9868-57a2d4851a1d" relativeResultsDirectory="6cb30626-d7cd-4eb0-8d8a-70ba3cd741dd" />
    <UnitTestResult executionId="e7c0a00b-7ac9-4016-8304-6ada2d1a6516" testId="2217b003-6185-a06e-3902-b9c3a13392a1" testName="Rushframe.Domain.Tests.EditingTests.AddTrackCommand_InsertAt" computerName="DESKTOP-0NLB2MR" duration="00:00:00.0037921" startTime="2026-07-11T23:26:14.8912642+08:00" endTime="2026-07-11T23:26:14.8936888+08:00" testType="13cdc9d9-ddb5-4fa4-a97d-d965ccfc6d4b" outcome="Passed" testListId="8c84fa94-04c1-424b-9868-57a2d4851a1d" relativeResultsDirectory="e7c0a00b-7ac9-4016-8304-6ada2d1a6516" />
    <UnitTestResult executionId="6e39bae8-38ec-4027-b055-d7a4aefbeb5d" testId="24f542f3-991e-2d46-7d7e-a27e63939c43" testName="Rushframe.Domain.Tests.MediaTimeTests.Subtract_works" computerName="DESKTOP-0NLB2MR" duration="00:00:00.0004486" startTime="2026-07-11T23:26:14.6122447+08:00" endTime="2026-07-11T23:26:14.6123301+08:00" testType="13cdc9d9-ddb5-4fa4-a97d-d965ccfc6d4b" outcome="Passed" testListId="8c84fa94-04c1-424b-9868-57a2d4851a1d" relativeResultsDirectory="6e39bae8-38ec-4027-b055-d7a4aefbeb5d" />
    <UnitTestResult executionId="a6c07395-f3e7-4b3f-976d-2a656c93124b" testId="bfa9d95d-3db3-51d0-4b80-b15333c5f496" testName="Rushframe.Domain.Tests.MediaTimeTests.Add_preserves_duration" computerName="DESKTOP-0NLB2MR" duration="00:00:00.0005136" startTime="2026-07-11T23:26:14.6115634+08:00" endTime="2026-07-11T23:26:14.6116545+08:00" testType="13cdc9d9-ddb5-4fa4-a97d-d965ccfc6d4b" outcome="Passed" testListId="8c84fa94-04c1-424b-9868-57a2d4851a1d" relativeResultsDirectory="a6c07395-f3e7-4b3f-976d-2a656c93124b" />
    <UnitTestResult executionId="77653a53-3b1c-439b-b8bf-a19474207819" testId="ef9ecea5-1345-19a9-88c8-1422539f6eb4" testName="Rushframe.Domain.Tests.MediaIntelligenceSearchServiceTests.Agent_context_builder_returns_bounded_relevant_context" computerName="DESKTOP-0NLB2MR" duration="00:00:00.1378526" startTime="2026-07-11T23:26:14.9433683+08:00" endTime="2026-07-11T23:26:15.0812538+08:00" testType="13cdc9d9-ddb5-4fa4-a97d-d965ccfc6d4b" outcome="Passed" testListId="8c84fa94-04c1-424b-9868-57a2d4851a1d" relativeResultsDirectory="77653a53-3b1c-439b-b8bf-a19474207819" />
    <UnitTestResult executionId="ade2bc1f-5b01-4a64-94fa-5adc2b0268b2" testId="388bb930-73d3-4ac0-8229-0eb46407ca84" testName="Rushframe.Domain.Tests.EditingTests.DeleteMarkerCommand" computerName="DESKTOP-0NLB2MR" duration="00:00:00.0002387" startTime="2026-07-11T23:26:14.9098596+08:00" endTime="2026-07-11T23:26:14.9099348+08:00" testType="13cdc9d9-ddb5-4fa4-a97d-d965ccfc6d4b" outcome="Passed" testListId="8c84fa94-04c1-424b-9868-57a2d4851a1d" relativeResultsDirectory="ade2bc1f-5b01-4a64-94fa-5adc2b0268b2" />
    <UnitTestResult executionId="6a0376e4-17fb-447e-8faf-399a1f8c6d58" testId="073b53fa-2318-0ffd-4891-26638aeeea6e" testName="Rushframe.Domain.Tests.SplitClipCommandTests.split_preserves_total_source_range" computerName="DESKTOP-0NLB2MR" duration="00:00:00.0004998" startTime="2026-07-11T23:26:14.9425325+08:00" endTime="2026-07-11T23:26:14.9427137+08:00" testType="13cdc9d9-ddb5-4fa4-a97d-d965ccfc6d4b" outcome="Passed" testListId="8c84fa94-04c1-424b-9868-57a2d4851a1d" relativeResultsDirectory="6a0376e4-17fb-447e-8faf-399a1f8c6d58" />
    <UnitTestResult executionId="1aa5b6a9-3157-41f2-a0f8-ce70800a868a" testId="5e6e1ccc-d7f2-e2b2-60e3-5d3d1977e9c5" testName="Rushframe.Domain.Tests.MediaTimeTests.FromSeconds_round_trips" computerName="DESKTOP-0NLB2MR" duration="00:00:00.0001278" startTime="2026-07-11T23:26:14.6125477+08:00" endTime="2026-07-11T23:26:14.6126301+08:00" testType="13cdc9d9-ddb5-4fa4-a97d-d965ccfc6d4b" outcome="Passed" testListId="8c84fa94-04c1-424b-9868-57a2d4851a1d" relativeResultsDirectory="1aa5b6a9-3157-41f2-a0f8-ce70800a868a" />
    <UnitTestResult executionId="111208f3-6514-42d3-aff9-cdcd13386d72" testId="1de552ec-226a-bbed-2e72-ed7a837b3887" testName="Rushframe.Domain.Tests.EditingTests.RemoveEffectCommand" computerName="DESKTOP-0NLB2MR" duration="00:00:00.0016975" startTime="2026-07-11T23:26:14.8854211+08:00" endTime="2026-07-11T23:26:14.8869264+08:00" testType="13cdc9d9-ddb5-4fa4-a97d-d965ccfc6d4b" outcome="Passed" testListId="8c84fa94-04c1-424b-9868-57a2d4851a1d" relativeResultsDirectory="111208f3-6514-42d3-aff9-cdcd13386d72" />
    <UnitTestResult executionId="518542d6-d943-4f28-ae39-c514e4cda042" testId="3ed69851-5fc8-5180-5898-c551ff7d228f" testName="Rushframe.Domain.Tests.EditingTests.EffectRegistry_GetReturnsDefinition" computerName="DESKTOP-0NLB2MR" duration="00:00:00.2064386" startTime="2026-07-11T23:26:14.6866036+08:00" endTime="2026-07-11T23:26:14.8850888+08:00" testType="13cdc9d9-ddb5-4fa4-a97d-d965ccfc6d4b" outcome="Passed" testListId="8c84fa94-04c1-424b-9868-57a2d4851a1d" relativeResultsDirectory="518542d6-d943-4f28-ae39-c514e4cda042" />
    <UnitTestResult executionId="20c6e9a0-4da1-4ec1-bb0a-055673ed5785" testId="e6703680-4847-22b5-5fea-908c81320603" testName="Rushframe.Domain.Tests.EditingTests.RippleDeleteClipCommand_NoRipple" computerName="DESKTOP-0NLB2MR" duration="00:00:00.0002718" startTime="2026-07-11T23:26:14.8950119+08:00" endTime="2026-07-11T23:26:14.8950867+08:00" testType="13cdc9d9-ddb5-4fa4-a97d-d965ccfc6d4b" outcome="Passed" testListId="8c84fa94-04c1-424b-9868-57a2d4851a1d" relativeResultsDirectory="20c6e9a0-4da1-4ec1-bb0a-055673ed5785" />
    <UnitTestResult executionId="5d3811b2-38c9-4f1b-9bf3-5decdb973169" testId="a36cc5f4-df70-c834-33f4-473f2ccbf294" testName="Rushframe.Domain.Tests.EditingTests.AddTrackCommand_Undo" computerName="DESKTOP-0NLB2MR" duration="00:00:00.0015651" startTime="2026-07-11T23:26:14.6129061+08:00" endTime="2026-07-11T23:26:14.6129855+08:00" testType="13cdc9d9-ddb5-4fa4-a97d-d965ccfc6d4b" outcome="Passed" testListId="8c84fa94-04c1-424b-9868-57a2d4851a1d" relativeResultsDirectory="5d3811b2-38c9-4f1b-9bf3-5decdb973169" />
    <UnitTestResult executionId="e73c4526-8111-466e-a47e-3f35bbeb7f34" testId="b61c09bc-2dee-0600-d71a-145e202c2191" testName="Rushframe.Domain.Tests.EditingTests.ClearMarkersCommand" computerName="DESKTOP-0NLB2MR" duration="00:00:00.0012218" startTime="2026-07-11T23:26:14.8872846+08:00" endTime="2026-07-11T23:26:14.8883495+08:00" testType="13cdc9d9-ddb5-4fa4-a97d-d965ccfc6d4b" outcome="Passed" testListId="8c84fa94-04c1-424b-9868-57a2d4851a1d" relativeResultsDirectory="e73c4526-8111-466e-a47e-3f35bbeb7f34" />
    <UnitTestResult executionId="9160d944-a398-4fb9-93f4-7beff4398939" testId="c7e39389-05ff-dd70-bb24-f7c022ceba5a" testName="Rushframe.Domain.Tests.ArchitectureTests.Infrastructure_should_depend_on_Domain" computerName="DESKTOP-0NLB2MR" duration="00:00:00.0014713" startTime="2026-07-11T23:26:15.1675109+08:00" endTime="2026-07-11T23:26:15.1687582+08:00" testType="13cdc9d9-ddb5-4fa4-a97d-d965ccfc6d4b" outcome="Passed" testListId="8c84fa94-04c1-424b-9868-57a2d4851a1d" relativeResultsDirectory="9160d944-a398-4fb9-93f4-7beff4398939" />
    <UnitTestResult executionId="1765e75f-87d9-4100-ae93-3950252f4bc2" testId="8cc63a1f-8bfa-b53b-8fce-9621b434645f" testName="Rushframe.Domain.Tests.MoveClipCommandTests.move_undo_restores_original_position" computerName="DESKTOP-0NLB2MR" duration="00:00:00.4816109" startTime="2026-07-11T23:26:14.0468072+08:00" endTime="2026-07-11T23:26:14.5892387+08:00" testType="13cdc9d9-ddb5-4fa4-a97d-d965ccfc6d4b" outcome="Passed" testListId="8c84fa94-04c1-424b-9868-57a2d4851a1d" relativeResultsDirectory="1765e75f-87d9-4100-ae93-3950252f4bc2" />
    <UnitTestResult executionId="51c99616-096d-4c05-9849-0ad21e82259a" testId="aad30937-0965-c3f3-4ad9-bd794dbbf04c" testName="Rushframe.Domain.Tests.EditingTests.SnapTarget_FindSnap_ReturnsTarget" computerName="DESKTOP-0NLB2MR" duration="00:00:00.0004520" startTime="2026-07-11T23:26:14.8944936+08:00" endTime="2026-07-11T23:26:14.8947759+08:00" testType="13cdc9d9-ddb5-4fa4-a97d-d965ccfc6d4b" outcome="Passed" testListId="8c84fa94-04c1-424b-9868-57a2d4851a1d" relativeResultsDirectory="51c99616-096d-4c05-9849-0ad21e82259a" />
    <UnitTestResult executionId="59f8fdff-b236-4bc1-a076-b2016732e1a6" testId="3836874f-deff-0575-e913-ca2dc80561ee" testName="Rushframe.Domain.Tests.MoveClipCommandTests.move_between_tracks_validates_compatibility" computerName="DESKTOP-0NLB2MR" duration="00:00:00.0028782" startTime="2026-07-11T23:26:14.5913167+08:00" endTime="2026-07-11T23:26:14.6035283+08:00" testType="13cdc9d9-ddb5-4fa4-a97d-d965ccfc6d4b" outcome="Passed" testListId="8c84fa94-04c1-424b-9868-57a2d4851a1d" relativeResultsDirectory="59f8fdff-b236-4bc1-a076-b2016732e1a6" />
    <UnitTestResult executionId="ccc48b94-1587-4088-aec1-e29f3423f2d1" testId="38a85437-f881-001d-e61a-da8c3f75e41d" testName="Rushframe.Domain.Tests.EditingTests.CachePolicy_Defaults" computerName="DESKTOP-0NLB2MR" duration="00:00:00.0069242" startTime="2026-07-11T23:26:14.8983273+08:00" endTime="2026-07-11T23:26:14.9050998+08:00" testType="13cdc9d9-ddb5-4fa4-a97d-d965ccfc6d4b" outcome="Passed" testListId="8c84fa94-04c1-424b-9868-57a2d4851a1d" relativeResultsDirectory="ccc48b94-1587-4088-aec1-e29f3423f2d1" />
    <UnitTestResult executionId="a4b888e7-8524-4ec7-8353-955f7eac5799" testId="9abc3b36-01e3-bbcc-0386-1c095f787ca7" testName="Rushframe.Domain.Tests.EditingTests.Keyframe_GetValueAt_Linear" computerName="DESKTOP-0NLB2MR" duration="00:00:00.0030969" startTime="2026-07-11T23:26:14.6758117+08:00" endTime="2026-07-11T23:26:14.6781460+08:00" testType="13cdc9d9-ddb5-4fa4-a97d-d965ccfc6d4b" outcome="Passed" testListId="8c84fa94-04c1-424b-9868-57a2d4851a1d" relativeResultsDirectory="a4b888e7-8524-4ec7-8353-955f7eac5799" />
    <UnitTestResult executionId="9403fc21-b2da-487c-9b9c-49ee7371db70" testId="11def945-4230-e708-7ebc-49822e9b5d70" testName="Rushframe.Domain.Tests.EditingTests.AddEffectCommand" computerName="DESKTOP-0NLB2MR" duration="00:00:00.0021911" startTime="2026-07-11T23:26:14.6631283+08:00" endTime="2026-07-11T23:26:14.6638126+08:00" testType="13cdc9d9-ddb5-4fa4-a97d-d965ccfc6d4b" outcome="Passed" testListId="8c84fa94-04c1-424b-9868-57a2d4851a1d" relativeResultsDirectory="9403fc21-b2da-487c-9b9c-49ee7371db70" />
    <UnitTestResult executionId="190e4c0a-96a7-4975-925a-ee5bdbe2306e" testId="cd9970f6-31d7-987f-4ef9-375eb1d8799a" testName="Rushframe.Domain.Tests.TrimClipCommandTests.trim_duration_updates_item" computerName="DESKTOP-0NLB2MR" duration="00:00:00.0002939" startTime="2026-07-11T23:26:14.5927135+08:00" endTime="2026-07-11T23:26:14.5927856+08:00" testType="13cdc9d9-ddb5-4fa4-a97d-d965ccfc6d4b" outcome="Passed" testListId="8c84fa94-04c1-424b-9868-57a2d4851a1d" relativeResultsDirectory="190e4c0a-96a7-4975-925a-ee5bdbe2306e" />
    <UnitTestResult executionId="a2d02cb7-e60a-4f9d-80d3-80d9c46d2157" testId="2818313d-1f06-7033-bdfe-df6fcb0c0111" testName="Rushframe.Domain.Tests.EditingTests.SpeedCurve_MapsSegmentedSourceTime" computerName="DESKTOP-0NLB2MR" duration="00:00:00.0048824" startTime="2026-07-11T23:26:14.6132007+08:00" endTime="2026-07-11T23:26:14.6132796+08:00" testType="13cdc9d9-ddb5-4fa4-a97d-d965ccfc6d4b" outcome="Passed" testListId="8c84fa94-04c1-424b-9868-57a2d4851a1d" relativeResultsDirectory="a2d02cb7-e60a-4f9d-80d3-80d9c46d2157" />
    <UnitTestResult executionId="70592fc9-4b65-495b-a94a-08039b258524" testId="2b078b4f-b301-288b-269c-b0e262667b5d" testName="Rushframe.Domain.Tests.EditingTests.DeleteTrackCommand_NotFound" computerName="DESKTOP-0NLB2MR" duration="00:00:00.0007393" startTime="2026-07-11T23:26:14.6641386+08:00" endTime="2026-07-11T23:26:14.6646745+08:00" testType="13cdc9d9-ddb5-4fa4-a97d-d965ccfc6d4b" outcome="Passed" testListId="8c84fa94-04c1-424b-9868-57a2d4851a1d" relativeResultsDirectory="70592fc9-4b65-495b-a94a-08039b258524" />
    <UnitTestResult executionId="300a7b0a-62d6-45c3-8090-d5375ea36064" testId="fb551d5f-e919-270c-eb14-4e03ea9b9734" testName="Rushframe.Domain.Tests.ArchitectureTests.Domain_should_not_depend_on_WPF" computerName="DESKTOP-0NLB2MR" duration="00:00:00.0515233" startTime="2026-07-11T23:26:15.0546648+08:00" endTime="2026-07-11T23:26:15.1046593+08:00" testType="13cdc9d9-ddb5-4fa4-a97d-d965ccfc6d4b" outcome="Passed" testListId="8c84fa94-04c1-424b-9868-57a2d4851a1d" relativeResultsDirectory="300a7b0a-62d6-45c3-8090-d5375ea36064" />
    <UnitTestResult executionId="a646b881-ace6-495a-9fa9-e7f5dcb579d7" testId="002027a2-8baa-3fcb-3467-0382ba61dc4c" testName="Rushframe.Domain.Tests.RecoveryPersistenceTests.AutosaveService_LoadMostRecent_ReturnsNewestAutosave" computerName="DESKTOP-0NLB2MR" duration="00:00:00.8648130" startTime="2026-07-11T23:26:14.6113012+08:00" endTime="2026-07-11T23:26:15.4137072+08:00" testType="13cdc9d9-ddb5-4fa4-a97d-d965ccfc6d4b" outcome="Passed" testListId="8c84fa94-04c1-424b-9868-57a2d4851a1d" relativeResultsDirectory="a646b881-ace6-495a-9fa9-e7f5dcb579d7" />
    <UnitTestResult executionId="cdc0a55a-3d05-4639-9d2a-ef11492b64c6" testId="42a7ff84-9f29-da00-ab6f-db49027fe22c" testName="Rushframe.Domain.Tests.EditingTests.ReorderTrackCommand" computerName="DESKTOP-0NLB2MR" duration="00:00:00.0003342" startTime="2026-07-11T23:26:14.9085652+08:00" endTime="2026-07-11T23:26:14.9087038+08:00" testType="13cdc9d9-ddb5-4fa4-a97d-d965ccfc6d4b" outcome="Passed" testListId="8c84fa94-04c1-424b-9868-57a2d4851a1d" relativeResultsDirectory="cdc0a55a-3d05-4639-9d2a-ef11492b64c6" />
    <UnitTestResult executionId="86889b1a-55ba-4e54-8705-128a64d8a9b2" testId="404f8302-c9f8-95d0-43c2-71008eeb8d56" testName="Rushframe.Domain.Tests.MediaIntelligenceSearchServiceTests.Search_returns_matching_role_and_text" computerName="DESKTOP-0NLB2MR" duration="00:00:00.0071026" startTime="2026-07-11T23:26:15.0817621+08:00" endTime="2026-07-11T23:26:15.0896683+08:00" testType="13cdc9d9-ddb5-4fa4-a97d-d965ccfc6d4b" outcome="Passed" testListId="8c84fa94-04c1-424b-9868-57a2d4851a1d" relativeResultsDirectory="86889b1a-55ba-4e54-8705-128a64d8a9b2" />
    <UnitTestResult executionId="178f0d0d-18d7-41cd-ad6d-6df0b28c15fa" testId="71dbff04-60fd-1ca8-df20-d5ba3c854299" testName="Rushframe.Domain.Tests.SplitClipCommandTests.split_outside_bounds_returns_error" computerName="DESKTOP-0NLB2MR" duration="00:00:00.0002700" startTime="2026-07-11T23:26:14.9429359+08:00" endTime="2026-07-11T23:26:14.9430671+08:00" testType="13cdc9d9-ddb5-4fa4-a97d-d965ccfc6d4b" outcome="Passed" testListId="8c84fa94-04c1-424b-9868-57a2d4851a1d" relativeResultsDirectory="178f0d0d-18d7-41cd-ad6d-6df0b28c15fa" />
    <UnitTestResult executionId="d080ae4a-2ffb-4dbc-b2bc-18901b283e91" testId="6ac6ff60-f92f-fbf9-31a5-d2dcd3429bfc" testName="Rushframe.Domain.Tests.EditingTests.ClearMarkersCommand_Undo" computerName="DESKTOP-0NLB2MR" duration="00:00:00.0004291" startTime="2026-07-11T23:26:14.9353390+08:00" endTime="2026-07-11T23:26:14.9354356+08:00" testType="13cdc9d9-ddb5-4fa4-a97d-d965ccfc6d4b" outcome="Passed" testListId="8c84fa94-04c1-424b-9868-57a2d4851a1d" relativeResultsDirectory="d080ae4a-2ffb-4dbc-b2bc-18901b283e91" />
    <UnitTestResult executionId="192b5957-c437-42a7-98f9-4fed5420b879" testId="309ef304-0930-6a5b-7146-63a3d55127ca" testName="Rushframe.Domain.Tests.EditingTests.EditMarkerCommand" computerName="DESKTOP-0NLB2MR" duration="00:00:00.0002985" startTime="2026-07-11T23:26:14.9061991+08:00" endTime="2026-07-11T23:26:14.9062746+08:00" testType="13cdc9d9-ddb5-4fa4-a97d-d965ccfc6d4b" outcome="Passed" testListId="8c84fa94-04c1-424b-9868-57a2d4851a1d" relativeResultsDirectory="192b5957-c437-42a7-98f9-4fed5420b879" />
  </Results>
  <TestDefinitions>
    <UnitTest name="Rushframe.Domain.Tests.EditingTests.ReorderTrackCommand_Undo" storage="c:\users\lenovo\desktop\projectsss\rushframe\tests\rushframe.domain.tests\bin\debug\net10.0\rushframe.domain.tests.dll" id="86cf7aea-0ff1-a283-50f8-92d5a5ab88e9">
      <Execution id="6eba7a24-adfb-45cb-8585-59610f2f6c3c" />
      <TestMethod codeBase="C:\Users\LENOVO\Desktop\Projectsss\Rushframe\tests\Rushframe.Domain.Tests\bin\Debug\net10.0\Rushframe.Domain.Tests.dll" adapterTypeName="executor://xunit/VsTestRunner3/netcore/" className="Rushframe.Domain.Tests.EditingTests" name="ReorderTrackCommand_Undo" />
    </UnitTest>
    <UnitTest name="Rushframe.Domain.Tests.EditingTests.AddTrackCommand_Undo" storage="c:\users\lenovo\desktop\projectsss\rushframe\tests\rushframe.domain.tests\bin\debug\net10.0\rushframe.domain.tests.dll" id="a36cc5f4-df70-c834-33f4-473f2ccbf294">
      <Execution id="5d3811b2-38c9-4f1b-9bf3-5decdb973169" />
      <TestMethod codeBase="C:\Users\LENOVO\Desktop\Projectsss\Rushframe\tests\Rushframe.Domain.Tests\bin\Debug\net10.0\Rushframe.Domain.Tests.dll" adapterTypeName="executor://xunit/VsTestRunner3/netcore/" className="Rushframe.Domain.Tests.EditingTests" name="AddTrackCommand_Undo" />
    </UnitTest>
    <UnitTest name="Rushframe.Domain.Tests.SplitClipCommandTests.split_preserves_total_source_range" storage="c:\users\lenovo\desktop\projectsss\rushframe\tests\rushframe.domain.tests\bin\debug\net10.0\rushframe.domain.tests.dll" id="073b53fa-2318-0ffd-4891-26638aeeea6e">
      <Execution id="6a0376e4-17fb-447e-8faf-399a1f8c6d58" />
      <TestMethod codeBase="C:\Users\LENOVO\Desktop\Projectsss\Rushframe\tests\Rushframe.Domain.Tests\bin\Debug\net10.0\Rushframe.Domain.Tests.dll" adapterTypeName="executor://xunit/VsTestRunner3/netcore/" className="Rushframe.Domain.Tests.SplitClipCommandTests" name="split_preserves_total_source_range" />
    </UnitTest>
    <UnitTest name="Rushframe.Domain.Tests.EditingTests.AddEffectCommand" storage="c:\users\lenovo\desktop\projectsss\rushframe\tests\rushframe.domain.tests\bin\debug\net10.0\rushframe.domain.tests.dll" id="11def945-4230-e708-7ebc-49822e9b5d70">
      <Execution id="9403fc21-b2da-487c-9b9c-49ee7371db70" />
      <TestMethod codeBase="C:\Users\LENOVO\Desktop\Projectsss\Rushframe\tests\Rushframe.Domain.Tests\bin\Debug\net10.0\Rushframe.Domain.Tests.dll" adapterTypeName="executor://xunit/VsTestRunner3/netcore/" className="Rushframe.Domain.Tests.EditingTests" name="AddEffectCommand" />
    </UnitTest>
    <UnitTest name="Rushframe.Domain.Tests.EditingTests.RemoveEffectCommand" storage="c:\users\lenovo\desktop\projectsss\rushframe\tests\rushframe.domain.tests\bin\debug\net10.0\rushframe.domain.tests.dll" id="1de552ec-226a-bbed-2e72-ed7a837b3887">
      <Execution id="111208f3-6514-42d3-aff9-cdcd13386d72" />
      <TestMethod codeBase="C:\Users\LENOVO\Desktop\Projectsss\Rushframe\tests\Rushframe.Domain.Tests\bin\Debug\net10.0\Rushframe.Domain.Tests.dll" adapterTypeName="executor://xunit/VsTestRunner3/netcore/" className="Rushframe.Domain.Tests.EditingTests" name="RemoveEffectCommand" />
    </UnitTest>
    <UnitTest name="Rushframe.Domain.Tests.CacheServiceTests.EvictOldEntries_EnforcesProxySizeLimit" storage="c:\users\lenovo\desktop\projectsss\rushframe\tests\rushframe.domain.tests\bin\debug\net10.0\rushframe.domain.tests.dll" id="4ba3a438-eed2-3e0e-f254-c8e91827f8d9">
      <Execution id="e541858b-7fd9-42b0-a59a-08188506c133" />
      <TestMethod codeBase="C:\Users\LENOVO\Desktop\Projectsss\Rushframe\tests\Rushframe.Domain.Tests\bin\Debug\net10.0\Rushframe.Domain.Tests.dll" adapterTypeName="executor://xunit/VsTestRunner3/netcore/" className="Rushframe.Domain.Tests.CacheServiceTests" name="EvictOldEntries_EnforcesProxySizeLimit" />
    </UnitTest>
    <UnitTest name="Rushframe.Domain.Tests.MediaIntelligenceSearchServiceTests.Search_returns_matching_role_and_text" storage="c:\users\lenovo\desktop\projectsss\rushframe\tests\rushframe.domain.tests\bin\debug\net10.0\rushframe.domain.tests.dll" id="404f8302-c9f8-95d0-43c2-71008eeb8d56">
      <Execution id="86889b1a-55ba-4e54-8705-128a64d8a9b2" />
      <TestMethod codeBase="C:\Users\LENOVO\Desktop\Projectsss\Rushframe\tests\Rushframe.Domain.Tests\bin\Debug\net10.0\Rushframe.Domain.Tests.dll" adapterTypeName="executor://xunit/VsTestRunner3/netcore/" className="Rushframe.Domain.Tests.MediaIntelligenceSearchServiceTests" name="Search_returns_matching_role_and_text" />
    </UnitTest>
    <UnitTest name="Rushframe.Domain.Tests.EditingTests.RippleDeleteClipCommand_Ripple" storage="c:\users\lenovo\desktop\projectsss\rushframe\tests\rushframe.domain.tests\bin\debug\net10.0\rushframe.domain.tests.dll" id="d56acf89-5c2f-18b1-503b-86cacda2509d">
      <Execution id="572535d1-61e1-4be4-8448-8c0282e21ee9" />
      <TestMethod codeBase="C:\Users\LENOVO\Desktop\Projectsss\Rushframe\tests\Rushframe.Domain.Tests\bin\Debug\net10.0\Rushframe.Domain.Tests.dll" adapterTypeName="executor://xunit/VsTestRunner3/netcore/" className="Rushframe.Domain.Tests.EditingTests" name="RippleDeleteClipCommand_Ripple" />
    </UnitTest>
    <UnitTest name="Rushframe.Domain.Tests.EditingTests.SetTextPropertiesCommand" storage="c:\users\lenovo\desktop\projectsss\rushframe\tests\rushframe.domain.tests\bin\debug\net10.0\rushframe.domain.tests.dll" id="ebc6faaf-bd1d-0d56-0412-2e990e5f8fb0">
      <Execution id="f2858092-abfc-41e4-a139-9cf8d1577df3" />
      <TestMethod codeBase="C:\Users\LENOVO\Desktop\Projectsss\Rushframe\tests\Rushframe.Domain.Tests\bin\Debug\net10.0\Rushframe.Domain.Tests.dll" adapterTypeName="executor://xunit/VsTestRunner3/netcore/" className="Rushframe.Domain.Tests.EditingTests" name="SetTextPropertiesCommand" />
    </UnitTest>
    <UnitTest name="Rushframe.Domain.Tests.DeleteClipCommandTests.delete_undo_restores_item" storage="c:\users\lenovo\desktop\projectsss\rushframe\tests\rushframe.domain.tests\bin\debug\net10.0\rushframe.domain.tests.dll" id="b35c31f0-fa64-ae38-cf48-6439a89939b0">
      <Execution id="0183500b-dfa9-4213-a0a0-5c678482815a" />
      <TestMethod codeBase="C:\Users\LENOVO\Desktop\Projectsss\Rushframe\tests\Rushframe.Domain.Tests\bin\Debug\net10.0\Rushframe.Domain.Tests.dll" adapterTypeName="executor://xunit/VsTestRunner3/netcore/" className="Rushframe.Domain.Tests.DeleteClipCommandTests" name="delete_undo_restores_item" />
    </UnitTest>
    <UnitTest name="Rushframe.Domain.Tests.AddClipCommandTests.add_to_nonexistent_track_returns_error" storage="c:\users\lenovo\desktop\projectsss\rushframe\tests\rushframe.domain.tests\bin\debug\net10.0\rushframe.domain.tests.dll" id="2ff2e190-96c8-55d1-0d7c-eebbbe5a3a6a">
      <Execution id="bb6db378-4dfe-47ea-aff8-d0e1c1d35db9" />
      <TestMethod codeBase="C:\Users\LENOVO\Desktop\Projectsss\Rushframe\tests\Rushframe.Domain.Tests\bin\Debug\net10.0\Rushframe.Domain.Tests.dll" adapterTypeName="executor://xunit/VsTestRunner3/netcore/" className="Rushframe.Domain.Tests.AddClipCommandTests" name="add_to_nonexistent_track_returns_error" />
    </UnitTest>
    <UnitTest name="Rushframe.Domain.Tests.ProjectTests.project_id_is_unique" storage="c:\users\lenovo\desktop\projectsss\rushframe\tests\rushframe.domain.tests\bin\debug\net10.0\rushframe.domain.tests.dll" id="78e535a9-ba4a-8e60-2e6d-3ef931152986">
      <Execution id="7f6a2b35-c6dc-4cae-adb7-623dffc7475c" />
      <TestMethod codeBase="C:\Users\LENOVO\Desktop\Projectsss\Rushframe\tests\Rushframe.Domain.Tests\bin\Debug\net10.0\Rushframe.Domain.Tests.dll" adapterTypeName="executor://xunit/VsTestRunner3/netcore/" className="Rushframe.Domain.Tests.ProjectTests" name="project_id_is_unique" />
    </UnitTest>
    <UnitTest name="Rushframe.Domain.Tests.MediaTimeTests.Add_preserves_duration" storage="c:\users\lenovo\desktop\projectsss\rushframe\tests\rushframe.domain.tests\bin\debug\net10.0\rushframe.domain.tests.dll" id="bfa9d95d-3db3-51d0-4b80-b15333c5f496">
      <Execution id="a6c07395-f3e7-4b3f-976d-2a656c93124b" />
      <TestMethod codeBase="C:\Users\LENOVO\Desktop\Projectsss\Rushframe\tests\Rushframe.Domain.Tests\bin\Debug\net10.0\Rushframe.Domain.Tests.dll" adapterTypeName="executor://xunit/VsTestRunner3/netcore/" className="Rushframe.Domain.Tests.MediaTimeTests" name="Add_preserves_duration" />
    </UnitTest>
    <UnitTest name="Rushframe.Domain.Tests.TrimClipCommandTests.trim_source_start_updates_and_undo_restores" storage="c:\users\lenovo\desktop\projectsss\rushframe\tests\rushframe.domain.tests\bin\debug\net10.0\rushframe.domain.tests.dll" id="c4f2958c-3236-ab3f-f4e8-3b6998a43f3a">
      <Execution id="c39532b2-4062-4228-bd7e-e924b8eb1384" />
      <TestMethod codeBase="C:\Users\LENOVO\Desktop\Projectsss\Rushframe\tests\Rushframe.Domain.Tests\bin\Debug\net10.0\Rushframe.Domain.Tests.dll" adapterTypeName="executor://xunit/VsTestRunner3/netcore/" className="Rushframe.Domain.Tests.TrimClipCommandTests" name="trim_source_start_updates_and_undo_restores" />
    </UnitTest>
    <UnitTest name="Rushframe.Domain.Tests.UndoRedoStackTests.undo_empty_returns_error" storage="c:\users\lenovo\desktop\projectsss\rushframe\tests\rushframe.domain.tests\bin\debug\net10.0\rushframe.domain.tests.dll" id="7eeed3f8-805f-1c6b-c337-87c6ffead455">
      <Execution id="aa73b212-db56-47d7-8f54-dcbc48f48b92" />
      <TestMethod codeBase="C:\Users\LENOVO\Desktop\Projectsss\Rushframe\tests\Rushframe.Domain.Tests\bin\Debug\net10.0\Rushframe.Domain.Tests.dll" adapterTypeName="executor://xunit/VsTestRunner3/netcore/" className="Rushframe.Domain.Tests.UndoRedoStackTests" name="undo_empty_returns_error" />
    </UnitTest>
    <UnitTest name="Rushframe.Domain.Tests.ArchitectureTests.Application_should_depend_on_Domain" storage="c:\users\lenovo\desktop\projectsss\rushframe\tests\rushframe.domain.tests\bin\debug\net10.0\rushframe.domain.tests.dll" id="c75a5a4c-6831-9dd2-8de1-ac48bca78824">
      <Execution id="49ce2fe2-cf18-44ae-b9bf-c20f7fd033dc" />
      <TestMethod codeBase="C:\Users\LENOVO\Desktop\Projectsss\Rushframe\tests\Rushframe.Domain.Tests\bin\Debug\net10.0\Rushframe.Domain.Tests.dll" adapterTypeName="executor://xunit/VsTestRunner3/netcore/" className="Rushframe.Domain.Tests.ArchitectureTests" name="Application_should_depend_on_Domain" />
    </UnitTest>
    <UnitTest name="Rushframe.Domain.Tests.DeleteClipCommandTests.delete_removes_item" storage="c:\users\lenovo\desktop\projectsss\rushframe\tests\rushframe.domain.tests\bin\debug\net10.0\rushframe.domain.tests.dll" id="43457fcb-486b-fbab-7074-8c0e577b3a29">
      <Execution id="bf2ec67e-88c9-413a-827f-5e1ea9335fef" />
      <TestMethod codeBase="C:\Users\LENOVO\Desktop\Projectsss\Rushframe\tests\Rushframe.Domain.Tests\bin\Debug\net10.0\Rushframe.Domain.Tests.dll" adapterTypeName="executor://xunit/VsTestRunner3/netcore/" className="Rushframe.Domain.Tests.DeleteClipCommandTests" name="delete_removes_item" />
    </UnitTest>
    <UnitTest name="Rushframe.Domain.Tests.EditingTests.CachePolicy_Defaults" storage="c:\users\lenovo\desktop\projectsss\rushframe\tests\rushframe.domain.tests\bin\debug\net10.0\rushframe.domain.tests.dll" id="38a85437-f881-001d-e61a-da8c3f75e41d">
      <Execution id="ccc48b94-1587-4088-aec1-e29f3423f2d1" />
      <TestMethod codeBase="C:\Users\LENOVO\Desktop\Projectsss\Rushframe\tests\Rushframe.Domain.Tests\bin\Debug\net10.0\Rushframe.Domain.Tests.dll" adapterTypeName="executor://xunit/VsTestRunner3/netcore/" className="Rushframe.Domain.Tests.EditingTests" name="CachePolicy_Defaults" />
    </UnitTest>
    <UnitTest name="Rushframe.Domain.Tests.EditingTests.SetTextContentCommand" storage="c:\users\lenovo\desktop\projectsss\rushframe\tests\rushframe.domain.tests\bin\debug\net10.0\rushframe.domain.tests.dll" id="8f1a2318-51cf-3d39-e7a2-e359086f4737">
      <Execution id="cab910ed-2701-4306-8ae7-efb0537abfe5" />
      <TestMethod codeBase="C:\Users\LENOVO\Desktop\Projectsss\Rushframe\tests\Rushframe.Domain.Tests\bin\Debug\net10.0\Rushframe.Domain.Tests.dll" adapterTypeName="executor://xunit/VsTestRunner3/netcore/" className="Rushframe.Domain.Tests.EditingTests" name="SetTextContentCommand" />
    </UnitTest>
    <UnitTest name="Rushframe.Domain.Tests.ArchitectureTests.Domain_should_not_depend_on_WPF" storage="c:\users\lenovo\desktop\projectsss\rushframe\tests\rushframe.domain.tests\bin\debug\net10.0\rushframe.domain.tests.dll" id="fb551d5f-e919-270c-eb14-4e03ea9b9734">
      <Execution id="300a7b0a-62d6-45c3-8090-d5375ea36064" />
      <TestMethod codeBase="C:\Users\LENOVO\Desktop\Projectsss\Rushframe\tests\Rushframe.Domain.Tests\bin\Debug\net10.0\Rushframe.Domain.Tests.dll" adapterTypeName="executor://xunit/VsTestRunner3/netcore/" className="Rushframe.Domain.Tests.ArchitectureTests" name="Domain_should_not_depend_on_WPF" />
    </UnitTest>
    <UnitTest name="Rushframe.Domain.Tests.EditingTests.DeleteMarkerCommand_Undo" storage="c:\users\lenovo\desktop\projectsss\rushframe\tests\rushframe.domain.tests\bin\debug\net10.0\rushframe.domain.tests.dll" id="e9131c93-78e9-d0e1-e6e4-55f1d04e969d">
      <Execution id="0ac29f35-66e3-4f40-bcd5-0c97aefa5fa5" />
      <TestMethod codeBase="C:\Users\LENOVO\Desktop\Projectsss\Rushframe\tests\Rushframe.Domain.Tests\bin\Debug\net10.0\Rushframe.Domain.Tests.dll" adapterTypeName="executor://xunit/VsTestRunner3/netcore/" className="Rushframe.Domain.Tests.EditingTests" name="DeleteMarkerCommand_Undo" />
    </UnitTest>
    <UnitTest name="Rushframe.Domain.Tests.AddClipCommandTests.add_clip_undo_removes_it" storage="c:\users\lenovo\desktop\projectsss\rushframe\tests\rushframe.domain.tests\bin\debug\net10.0\rushframe.domain.tests.dll" id="d68dd479-fb25-5dfd-e828-e50789acfa61">
      <Execution id="65435784-0d54-4543-85f3-e3d2543c4393" />
      <TestMethod codeBase="C:\Users\LENOVO\Desktop\Projectsss\Rushframe\tests\Rushframe.Domain.Tests\bin\Debug\net10.0\Rushframe.Domain.Tests.dll" adapterTypeName="executor://xunit/VsTestRunner3/netcore/" className="Rushframe.Domain.Tests.AddClipCommandTests" name="add_clip_undo_removes_it" />
    </UnitTest>
    <UnitTest name="Rushframe.Domain.Tests.MoveClipCommandTests.move_between_tracks_validates_compatibility" storage="c:\users\lenovo\desktop\projectsss\rushframe\tests\rushframe.domain.tests\bin\debug\net10.0\rushframe.domain.tests.dll" id="3836874f-deff-0575-e913-ca2dc80561ee">
      <Execution id="59f8fdff-b236-4bc1-a076-b2016732e1a6" />
      <TestMethod codeBase="C:\Users\LENOVO\Desktop\Projectsss\Rushframe\tests\Rushframe.Domain.Tests\bin\Debug\net10.0\Rushframe.Domain.Tests.dll" adapterTypeName="executor://xunit/VsTestRunner3/netcore/" className="Rushframe.Domain.Tests.MoveClipCommandTests" name="move_between_tracks_validates_compatibility" />
    </UnitTest>
    <UnitTest name="Rushframe.Domain.Tests.EditingTests.DeleteTrackCommand_DeletesTrack" storage="c:\users\lenovo\desktop\projectsss\rushframe\tests\rushframe.domain.tests\bin\debug\net10.0\rushframe.domain.tests.dll" id="a9eba4ca-b5e0-1f53-a064-edf4e33b4c8a">
      <Execution id="d3c86d74-ccdc-41d3-860b-5e4daa389f89" />
      <TestMethod codeBase="C:\Users\LENOVO\Desktop\Projectsss\Rushframe\tests\Rushframe.Domain.Tests\bin\Debug\net10.0\Rushframe.Domain.Tests.dll" adapterTypeName="executor://xunit/VsTestRunner3/netcore/" className="Rushframe.Domain.Tests.EditingTests" name="DeleteTrackCommand_DeletesTrack" />
    </UnitTest>
    <UnitTest name="Rushframe.Domain.Tests.EditingTests.EffectRegistry_GetByCategory" storage="c:\users\lenovo\desktop\projectsss\rushframe\tests\rushframe.domain.tests\bin\debug\net10.0\rushframe.domain.tests.dll" id="941ff7e4-8bef-9e53-cf6e-4e535567debc">
      <Execution id="47d251ee-5e9e-4da8-ae74-462b7ce88752" />
      <TestMethod codeBase="C:\Users\LENOVO\Desktop\Projectsss\Rushframe\tests\Rushframe.Domain.Tests\bin\Debug\net10.0\Rushframe.Domain.Tests.dll" adapterTypeName="executor://xunit/VsTestRunner3/netcore/" className="Rushframe.Domain.Tests.EditingTests" name="EffectRegistry_GetByCategory" />
    </UnitTest>
    <UnitTest name="Rushframe.Domain.Tests.ApplyMediaIntelligenceCommandTests.project_serialization_preserves_analysis_and_generated_links" storage="c:\users\lenovo\desktop\projectsss\rushframe\tests\rushframe.domain.tests\bin\debug\net10.0\rushframe.domain.tests.dll" id="76057691-b002-6905-1de6-96e827ccbcc8">
      <Execution id="eac1656c-01c7-4783-bb49-591e5038b497" />
      <TestMethod codeBase="C:\Users\LENOVO\Desktop\Projectsss\Rushframe\tests\Rushframe.Domain.Tests\bin\Debug\net10.0\Rushframe.Domain.Tests.dll" adapterTypeName="executor://xunit/VsTestRunner3/netcore/" className="Rushframe.Domain.Tests.ApplyMediaIntelligenceCommandTests" name="project_serialization_preserves_analysis_and_generated_links" />
    </UnitTest>
    <UnitTest name="Rushframe.Domain.Tests.ApplyMediaIntelligenceCommandTests.execute_maps_source_times_to_trimmed_speed_adjusted_timeline" storage="c:\users\lenovo\desktop\projectsss\rushframe\tests\rushframe.domain.tests\bin\debug\net10.0\rushframe.domain.tests.dll" id="74706af6-bf45-409f-3daf-959a38a48327">
      <Execution id="e4de9fc7-06f5-41be-a90b-573fd96fd455" />
      <TestMethod codeBase="C:\Users\LENOVO\Desktop\Projectsss\Rushframe\tests\Rushframe.Domain.Tests\bin\Debug\net10.0\Rushframe.Domain.Tests.dll" adapterTypeName="executor://xunit/VsTestRunner3/netcore/" className="Rushframe.Domain.Tests.ApplyMediaIntelligenceCommandTests" name="execute_maps_source_times_to_trimmed_speed_adjusted_timeline" />
    </UnitTest>
    <UnitTest name="Rushframe.Domain.Tests.EditingTests.ReorderTrackCommand" storage="c:\users\lenovo\desktop\projectsss\rushframe\tests\rushframe.domain.tests\bin\debug\net10.0\rushframe.domain.tests.dll" id="42a7ff84-9f29-da00-ab6f-db49027fe22c">
      <Execution id="cdc0a55a-3d05-4639-9d2a-ef11492b64c6" />
      <TestMethod codeBase="C:\Users\LENOVO\Desktop\Projectsss\Rushframe\tests\Rushframe.Domain.Tests\bin\Debug\net10.0\Rushframe.Domain.Tests.dll" adapterTypeName="executor://xunit/VsTestRunner3/netcore/" className="Rushframe.Domain.Tests.EditingTests" name="ReorderTrackCommand" />
    </UnitTest>
    <UnitTest name="Rushframe.Domain.Tests.EditingTests.EffectRegistry_GetReturnsNullForUnknown" storage="c:\users\lenovo\desktop\projectsss\rushframe\tests\rushframe.domain.tests\bin\debug\net10.0\rushframe.domain.tests.dll" id="c6f49930-642a-0519-39a5-77b7eb229d4a">
      <Execution id="e18e9a63-7c83-4e86-a441-454da78d4ac7" />
      <TestMethod codeBase="C:\Users\LENOVO\Desktop\Projectsss\Rushframe\tests\Rushframe.Domain.Tests\bin\Debug\net10.0\Rushframe.Domain.Tests.dll" adapterTypeName="executor://xunit/VsTestRunner3/netcore/" className="Rushframe.Domain.Tests.EditingTests" name="EffectRegistry_GetReturnsNullForUnknown" />
    </UnitTest>
    <UnitTest name="Rushframe.Domain.Tests.EditingTests.Keyframe_GetValueAt_Hold" storage="c:\users\lenovo\desktop\projectsss\rushframe\tests\rushframe.domain.tests\bin\debug\net10.0\rushframe.domain.tests.dll" id="43a99064-6289-fa55-43a7-05db3c04aeb6">
      <Execution id="4a38e096-8d97-4728-b3db-a4b91be22d57" />
      <TestMethod codeBase="C:\Users\LENOVO\Desktop\Projectsss\Rushframe\tests\Rushframe.Domain.Tests\bin\Debug\net10.0\Rushframe.Domain.Tests.dll" adapterTypeName="executor://xunit/VsTestRunner3/netcore/" className="Rushframe.Domain.Tests.EditingTests" name="Keyframe_GetValueAt_Hold" />
    </UnitTest>
    <UnitTest name="Rushframe.Domain.Tests.ArchitectureTests.Domain_should_not_depend_on_Desktop" storage="c:\users\lenovo\desktop\projectsss\rushframe\tests\rushframe.domain.tests\bin\debug\net10.0\rushframe.domain.tests.dll" id="375adf33-8ff4-c1bf-01c8-f63ed4489f87">
      <Execution id="7d1cce4c-c3e6-44a0-952a-a9b8e826fcbe" />
      <TestMethod codeBase="C:\Users\LENOVO\Desktop\Projectsss\Rushframe\tests\Rushframe.Domain.Tests\bin\Debug\net10.0\Rushframe.Domain.Tests.dll" adapterTypeName="executor://xunit/VsTestRunner3/netcore/" className="Rushframe.Domain.Tests.ArchitectureTests" name="Domain_should_not_depend_on_Desktop" />
    </UnitTest>
    <UnitTest name="Rushframe.Domain.Tests.CompositeEditCommandTests.composite_command_is_one_undo_step" storage="c:\users\lenovo\desktop\projectsss\rushframe\tests\rushframe.domain.tests\bin\debug\net10.0\rushframe.domain.tests.dll" id="6a1ed038-c548-1faa-ad77-ae05a41f936d">
      <Execution id="13201c9f-be43-4e6b-869f-2183e8216bfa" />
      <TestMethod codeBase="C:\Users\LENOVO\Desktop\Projectsss\Rushframe\tests\Rushframe.Domain.Tests\bin\Debug\net10.0\Rushframe.Domain.Tests.dll" adapterTypeName="executor://xunit/VsTestRunner3/netcore/" className="Rushframe.Domain.Tests.CompositeEditCommandTests" name="composite_command_is_one_undo_step" />
    </UnitTest>
    <UnitTest name="Rushframe.Domain.Tests.MediaIntelligenceSearchServiceTests.FindBestTake_uses_recommended_candidate" storage="c:\users\lenovo\desktop\projectsss\rushframe\tests\rushframe.domain.tests\bin\debug\net10.0\rushframe.domain.tests.dll" id="11fafab6-4fb2-8550-f70b-72f9a202545b">
      <Execution id="90b1fff3-67d5-465b-ba2e-1bf40c80c760" />
      <TestMethod codeBase="C:\Users\LENOVO\Desktop\Projectsss\Rushframe\tests\Rushframe.Domain.Tests\bin\Debug\net10.0\Rushframe.Domain.Tests.dll" adapterTypeName="executor://xunit/VsTestRunner3/netcore/" className="Rushframe.Domain.Tests.MediaIntelligenceSearchServiceTests" name="FindBestTake_uses_recommended_candidate" />
    </UnitTest>
    <UnitTest name="Rushframe.Domain.Tests.EditingTests.DeleteMarkerCommand" storage="c:\users\lenovo\desktop\projectsss\rushframe\tests\rushframe.domain.tests\bin\debug\net10.0\rushframe.domain.tests.dll" id="388bb930-73d3-4ac0-8229-0eb46407ca84">
      <Execution id="ade2bc1f-5b01-4a64-94fa-5adc2b0268b2" />
      <TestMethod codeBase="C:\Users\LENOVO\Desktop\Projectsss\Rushframe\tests\Rushframe.Domain.Tests\bin\Debug\net10.0\Rushframe.Domain.Tests.dll" adapterTypeName="executor://xunit/VsTestRunner3/netcore/" className="Rushframe.Domain.Tests.EditingTests" name="DeleteMarkerCommand" />
    </UnitTest>
    <UnitTest name="Rushframe.Domain.Tests.MoveClipCommandTests.move_text_to_overlay_track_is_compatible" storage="c:\users\lenovo\desktop\projectsss\rushframe\tests\rushframe.domain.tests\bin\debug\net10.0\rushframe.domain.tests.dll" id="a6f7572d-40c8-3148-b172-b8dc27788599">
      <Execution id="ad0639d7-e88b-4388-a4b0-981be8939797" />
      <TestMethod codeBase="C:\Users\LENOVO\Desktop\Projectsss\Rushframe\tests\Rushframe.Domain.Tests\bin\Debug\net10.0\Rushframe.Domain.Tests.dll" adapterTypeName="executor://xunit/VsTestRunner3/netcore/" className="Rushframe.Domain.Tests.MoveClipCommandTests" name="move_text_to_overlay_track_is_compatible" />
    </UnitTest>
    <UnitTest name="Rushframe.Domain.Tests.EditingTests.ApplyTransitionCommand" storage="c:\users\lenovo\desktop\projectsss\rushframe\tests\rushframe.domain.tests\bin\debug\net10.0\rushframe.domain.tests.dll" id="7cf73ff5-9ebd-e688-9452-5ea357430467">
      <Execution id="c32b61ef-53c6-4221-a4fc-40b612d56c9a" />
      <TestMethod codeBase="C:\Users\LENOVO\Desktop\Projectsss\Rushframe\tests\Rushframe.Domain.Tests\bin\Debug\net10.0\Rushframe.Domain.Tests.dll" adapterTypeName="executor://xunit/VsTestRunner3/netcore/" className="Rushframe.Domain.Tests.EditingTests" name="ApplyTransitionCommand" />
    </UnitTest>
    <UnitTest name="Rushframe.Domain.Tests.ArchitectureTests.Infrastructure_should_depend_on_Domain" storage="c:\users\lenovo\desktop\projectsss\rushframe\tests\rushframe.domain.tests\bin\debug\net10.0\rushframe.domain.tests.dll" id="c7e39389-05ff-dd70-bb24-f7c022ceba5a">
      <Execution id="9160d944-a398-4fb9-93f4-7beff4398939" />
      <TestMethod codeBase="C:\Users\LENOVO\Desktop\Projectsss\Rushframe\tests\Rushframe.Domain.Tests\bin\Debug\net10.0\Rushframe.Domain.Tests.dll" adapterTypeName="executor://xunit/VsTestRunner3/netcore/" className="Rushframe.Domain.Tests.ArchitectureTests" name="Infrastructure_should_depend_on_Domain" />
    </UnitTest>
    <UnitTest name="Rushframe.Domain.Tests.EditingTests.EditMarkerCommand" storage="c:\users\lenovo\desktop\projectsss\rushframe\tests\rushframe.domain.tests\bin\debug\net10.0\rushframe.domain.tests.dll" id="309ef304-0930-6a5b-7146-63a3d55127ca">
      <Execution id="192b5957-c437-42a7-98f9-4fed5420b879" />
      <TestMethod codeBase="C:\Users\LENOVO\Desktop\Projectsss\Rushframe\tests\Rushframe.Domain.Tests\bin\Debug\net10.0\Rushframe.Domain.Tests.dll" adapterTypeName="executor://xunit/VsTestRunner3/netcore/" className="Rushframe.Domain.Tests.EditingTests" name="EditMarkerCommand" />
    </UnitTest>
    <UnitTest name="Rushframe.Domain.Tests.EditingTests.Keyframe_GetValueAt_Linear" storage="c:\users\lenovo\desktop\projectsss\rushframe\tests\rushframe.domain.tests\bin\debug\net10.0\rushframe.domain.tests.dll" id="9abc3b36-01e3-bbcc-0386-1c095f787ca7">
      <Execution id="a4b888e7-8524-4ec7-8353-955f7eac5799" />
      <TestMethod codeBase="C:\Users\LENOVO\Desktop\Projectsss\Rushframe\tests\Rushframe.Domain.Tests\bin\Debug\net10.0\Rushframe.Domain.Tests.dll" adapterTypeName="executor://xunit/VsTestRunner3/netcore/" className="Rushframe.Domain.Tests.EditingTests" name="Keyframe_GetValueAt_Linear" />
    </UnitTest>
    <UnitTest name="Rushframe.Domain.Tests.EditingTests.RenameTrackCommand" storage="c:\users\lenovo\desktop\projectsss\rushframe\tests\rushframe.domain.tests\bin\debug\net10.0\rushframe.domain.tests.dll" id="b1ba8ae1-a4bc-cd75-94c8-12c52936bc46">
      <Execution id="6a41a3aa-7204-48bf-b5c4-2461499145ea" />
      <TestMethod codeBase="C:\Users\LENOVO\Desktop\Projectsss\Rushframe\tests\Rushframe.Domain.Tests\bin\Debug\net10.0\Rushframe.Domain.Tests.dll" adapterTypeName="executor://xunit/VsTestRunner3/netcore/" className="Rushframe.Domain.Tests.EditingTests" name="RenameTrackCommand" />
    </UnitTest>
    <UnitTest name="Rushframe.Domain.Tests.EditingTests.ToggleTrackMuteCommand" storage="c:\users\lenovo\desktop\projectsss\rushframe\tests\rushframe.domain.tests\bin\debug\net10.0\rushframe.domain.tests.dll" id="1df44a2f-9d2e-7d0a-3892-adaef42ae0ec">
      <Execution id="a02fdb84-9d06-491e-bfb4-7428aa991a0f" />
      <TestMethod codeBase="C:\Users\LENOVO\Desktop\Projectsss\Rushframe\tests\Rushframe.Domain.Tests\bin\Debug\net10.0\Rushframe.Domain.Tests.dll" adapterTypeName="executor://xunit/VsTestRunner3/netcore/" className="Rushframe.Domain.Tests.EditingTests" name="ToggleTrackMuteCommand" />
    </UnitTest>
    <UnitTest name="Rushframe.Domain.Tests.ProjectTests.add_sequence_increases_count" storage="c:\users\lenovo\desktop\projectsss\rushframe\tests\rushframe.domain.tests\bin\debug\net10.0\rushframe.domain.tests.dll" id="6dcefeea-649d-3dc8-1f57-3cbc263ad978">
      <Execution id="2820c826-076c-4969-aca9-2bb51654469b" />
[...]
    </UnitTest>
    <UnitTest name="Rushframe.Domain.Tests.EditingTests.DuplicateTrackCommand_Undo" storage="c:\users\lenovo\desktop\projectsss\rushframe\tests\rushframe.domain.tests\bin\debug\net10.0\rushframe.domain.tests.dll" id="e82895ff-8d4c-3ad3-4ffb-2ef6fe516321">
      <Execution id="4aa95a61-ae22-4923-8ec5-2444305f8e4a" />
      <TestMethod codeBase="C:\Users\LENOVO\Desktop\Projectsss\Rushframe\tests\Rushframe.Domain.Tests\bin\Debug\net10.0\Rushframe.Domain.Tests.dll" adapterTypeName="executor://xunit/VsTestRunner3/netcore/" className="Rushframe.Domain.Tests.EditingTests" name="DuplicateTrackCommand_Undo" />
    </UnitTest>
    <UnitTest name="Rushframe.Domain.Tests.EditingTests.ReorderEffectCommand" storage="c:\users\lenovo\desktop\projectsss\rushframe\tests\rushframe.domain.tests\bin\debug\net10.0\rushframe.domain.tests.dll" id="5363f8c8-6465-4304-569e-fb5671b100a1">
      <Execution id="51d1159b-cb52-4e7b-8049-89a377a245a0" />
      <TestMethod codeBase="C:\Users\LENOVO\Desktop\Projectsss\Rushframe\tests\Rushframe.Domain.Tests\bin\Debug\net10.0\Rushframe.Domain.Tests.dll" adapterTypeName="executor://xunit/VsTestRunner3/netcore/" className="Rushframe.Domain.Tests.EditingTests" name="ReorderEffectCommand" />
    </UnitTest>
    <UnitTest name="Rushframe.Domain.Tests.EditingTests.SnapTarget_FindSnap_ReturnsNullWhenFar" storage="c:\users\lenovo\desktop\projectsss\rushframe\tests\rushframe.domain.tests\bin\debug\net10.0\rushframe.domain.tests.dll" id="b1f3be02-a580-953f-d13f-8f5290c54cb0">
      <Execution id="23baf4f7-a98c-4012-8910-b79f153d2f16" />
      <TestMethod codeBase="C:\Users\LENOVO\Desktop\Projectsss\Rushframe\tests\Rushframe.Domain.Tests\bin\Debug\net10.0\Rushframe.Domain.Tests.dll" adapterTypeName="executor://xunit/VsTestRunner3/netcore/" className="Rushframe.Domain.Tests.EditingTests" name="SnapTarget_FindSnap_ReturnsNullWhenFar" />
    </UnitTest>
    <UnitTest name="Rushframe.Domain.Tests.EditingTests.AddMarkerCommand" storage="c:\users\lenovo\desktop\projectsss\rushframe\tests\rushframe.domain.tests\bin\debug\net10.0\rushframe.domain.tests.dll" id="6d304906-ed25-5971-be7e-cdbb8d9f66c5">
      <Execution id="b99d40cb-1b6e-4013-a979-302297b29470" />
      <TestMethod codeBase="C:\Users\LENOVO\Desktop\Projectsss\Rushframe\tests\Rushframe.Domain.Tests\bin\Debug\net10.0\Rushframe.Domain.Tests.dll" adapterTypeName="executor://xunit/VsTestRunner3/netcore/" className="Rushframe.Domain.Tests.EditingTests" name="AddMarkerCommand" />
    </UnitTest>
  </TestDefinitions>
  <TestEntries>
    <TestEntry testId="34e1d3a9-be75-6363-0ddf-61e597fb4d24" executionId="adc3377b-b810-452b-83bf-8da30831ebde" testListId="8c84fa94-04c1-424b-9868-57a2d4851a1d" />
    <TestEntry testId="5f2bfe00-e458-c431-e8dc-471f66ed8f65" executionId="24a46feb-0fc1-4941-a910-df9886bfbc58" testListId="8c84fa94-04c1-424b-9868-57a2d4851a1d" />
    <TestEntry testId="494abcf7-9453-fa5a-426e-238f49125640" executionId="02801aa2-3316-4af3-ac28-32a4b33b1e34" testListId="8c84fa94-04c1-424b-9868-57a2d4851a1d" />
    <TestEntry testId="947f8a45-d6f1-2bd5-9e30-6f71b71b2db6" executionId="1e0fb366-61ba-46a2-89a2-8f1e05385ea5" testListId="8c84fa94-04c1-424b-9868-57a2d4851a1d" />
    <TestEntry testId="76057691-b002-6905-1de6-96e827ccbcc8" executionId="eac1656c-01c7-4783-bb49-591e5038b497" testListId="8c84fa94-04c1-424b-9868-57a2d4851a1d" />
    <TestEntry testId="7fd3d837-b23d-d749-9753-7838dc74f35a" executionId="138bae30-46c3-415e-9a16-92ca332b6661" testListId="8c84fa94-04c1-424b-9868-57a2d4851a1d" />
    <TestEntry testId="2ff2e190-96c8-55d1-0d7c-eebbbe5a3a6a" executionId="bb6db378-4dfe-47ea-aff8-d0e1c1d35db9" testListId="8c84fa94-04c1-424b-9868-57a2d4851a1d" />
    <TestEntry testId="0ac43287-a399-aa69-0b36-a860fef73250" executionId="d9395b12-cbb4-4bec-ac74-9eea3ae09ac1" testListId="8c84fa94-04c1-424b-9868-57a2d4851a1d" />
    <TestEntry testId="375adf33-8ff4-c1bf-01c8-f63ed4489f87" executionId="7d1cce4c-c3e6-44a0-952a-a9b8e826fcbe" testListId="8c84fa94-04c1-424b-9868-57a2d4851a1d" />
    <TestEntry testId="cae21994-dc5d-962b-5bbd-eafb4571595b" executionId="94bda5e5-be17-40d0-970f-b47f1bf282b9" testListId="8c84fa94-04c1-424b-9868-57a2d4851a1d" />
    <TestEntry testId="798cde54-e513-149a-0e23-925332a7b44c" executionId="be50d447-6178-4199-9e49-5fe864fee60a" testListId="8c84fa94-04c1-424b-9868-57a2d4851a1d" />
    <TestEntry testId="8f031176-08fd-c9df-40e7-2b457c94557c" executionId="13dcf115-4edf-470d-8625-aee23f85fc03" testListId="8c84fa94-04c1-424b-9868-57a2d4851a1d" />
    <TestEntry testId="47264a61-854c-65fd-62bd-8442efeb87a2" executionId="9361bf0f-8d8a-4c5f-bfde-07a55980920a" testListId="8c84fa94-04c1-424b-9868-57a2d4851a1d" />
    <TestEntry testId="86a29fb6-f293-4cb6-30e7-66f8d75d080b" executionId="9ceecbd0-d04c-44d7-9a20-2ecb6d5d50c0" testListId="8c84fa94-04c1-424b-9868-57a2d4851a1d" />
    <TestEntry testId="a7e335d7-3173-6255-b7c2-6cc36ea23d31" executionId="6c9caefe-755f-4b04-acd8-0442f369bc71" testListId="8c84fa94-04c1-424b-9868-57a2d4851a1d" />
    <TestEntry testId="c6f49930-642a-0519-39a5-77b7eb229d4a" executionId="e18e9a63-7c83-4e86-a441-454da78d4ac7" testListId="8c84fa94-04c1-424b-9868-57a2d4851a1d" />
    <TestEntry testId="6a1ed038-c548-1faa-ad77-ae05a41f936d" executionId="13201c9f-be43-4e6b-869f-2183e8216bfa" testListId="8c84fa94-04c1-424b-9868-57a2d4851a1d" />
    <TestEntry testId="6e2b2a8d-9af9-2a10-6095-73adcfbe1071" executionId="8035ebed-0c46-41d4-8970-4b067abc8471" testListId="8c84fa94-04c1-424b-9868-57a2d4851a1d" />
    <TestEntry testId="7e143dc5-c80c-8d9e-291f-d10336f6b000" executionId="33208fa2-e45e-44c1-9151-d3e50971dd66" testListId="8c84fa94-04c1-424b-9868-57a2d4851a1d" />
    <TestEntry testId="6d304906-ed25-5971-be7e-cdbb8d9f66c5" executionId="b99d40cb-1b6e-4013-a979-302297b29470" testListId="8c84fa94-04c1-424b-9868-57a2d4851a1d" />
    <TestEntry testId="075e4661-6fd2-afcb-d03d-2d873076e1b3" executionId="876a6077-317a-4b66-bdbe-0e678fb11999" testListId="8c84fa94-04c1-424b-9868-57a2d4851a1d" />
    <TestEntry testId="6359d245-9954-472c-040e-9a7bba138805" executionId="a077c4ce-ae62-48a3-a3cc-d6d3abda6a40" testListId="8c84fa94-04c1-424b-9868-57a2d4851a1d" />
    <TestEntry testId="ec4c7110-f4ba-f2ba-441e-32d4ea2a079b" executionId="a8537d63-c1ce-4941-a6fa-6c9948c523b7" testListId="8c84fa94-04c1-424b-9868-57a2d4851a1d" />
    <TestEntry testId="27d07004-2863-39c7-fb6f-a8aa29ee82a8" executionId="c84bddd3-d487-4a38-987d-5a978ac2cfef" testListId="8c84fa94-04c1-424b-9868-57a2d4851a1d" />
    <TestEntry testId="a6f7572d-40c8-3148-b172-b8dc27788599" executionId="ad0639d7-e88b-4388-a4b0-981be8939797" testListId="8c84fa94-04c1-424b-9868-57a2d4851a1d" />
    <TestEntry testId="b35c31f0-fa64-ae38-cf48-6439a89939b0" executionId="0183500b-dfa9-4213-a0a0-5c678482815a" testListId="8c84fa94-04c1-424b-9868-57a2d4851a1d" />
    <TestEntry testId="9b6afff3-28da-6b21-20d5-34988047d588" executionId="f37365a9-ff68-4366-a520-9dcc97576610" testListId="8c84fa94-04c1-424b-9868-57a2d4851a1d" />
    <TestEntry testId="11fafab6-4fb2-8550-f70b-72f9a202545b" executionId="90b1fff3-67d5-465b-ba2e-1bf40c80c760" testListId="8c84fa94-04c1-424b-9868-57a2d4851a1d" />
    <TestEntry testId="1df44a2f-9d2e-7d0a-3892-adaef42ae0ec" executionId="a02fdb84-9d06-491e-bfb4-7428aa991a0f" testListId="8c84fa94-04c1-424b-9868-57a2d4851a1d" />
    <TestEntry testId="4ba3a438-eed2-3e0e-f254-c8e91827f8d9" executionId="e541858b-7fd9-42b0-a59a-08188506c133" testListId="8c84fa94-04c1-424b-9868-57a2d4851a1d" />
    <TestEntry testId="73fd7526-55e4-c039-7933-0219d298324b" executionId="85b80c24-db9d-4547-b5e1-cdb71632c895" testListId="8c84fa94-04c1-424b-9868-57a2d4851a1d" />
    <TestEntry testId="a9eba4ca-b5e0-1f53-a064-edf4e33b4c8a" executionId="d3c86d74-ccdc-41d3-860b-5e4daa389f89" testListId="8c84fa94-04c1-424b-9868-57a2d4851a1d" />
    <TestEntry testId="cdf12556-c202-ff22-3bf5-e031cb38444b" executionId="6f323723-2577-4ad0-bbf7-1cb45aff23bf" testListId="8c84fa94-04c1-424b-9868-57a2d4851a1d" />
    <TestEntry testId="8666b427-bfad-adcc-8233-ce62f0961d47" executionId="055d0b99-68a4-4fca-9b4f-809704aea98e" testListId="8c84fa94-04c1-424b-9868-57a2d4851a1d" />
    <TestEntry testId="86cf7aea-0ff1-a283-50f8-92d5a5ab88e9" executionId="6eba7a24-adfb-45cb-8585-59610f2f6c3c" testListId="8c84fa94-04c1-424b-9868-57a2d4851a1d" />
    <TestEntry testId="fd9a07b2-32ea-9f46-400b-fb5cbf065525" executionId="89516f5f-68e0-4388-aab5-a46050a8812e" testListId="8c84fa94-04c1-424b-9868-57a2d4851a1d" />
    <TestEntry testId="b8fbde71-8056-40ed-076d-d0a5e2a48364" executionId="f57a34a6-2ced-49d0-a94c-b88930d328f0" testListId="8c84fa94-04c1-424b-9868-57a2d4851a1d" />
    <TestEntry testId="d7cfadc9-0c22-9fd5-614e-ec73ded7f821" executionId="09f83b3c-223d-4d26-ad4c-a19616a2570b" testListId="8c84fa94-04c1-424b-9868-57a2d4851a1d" />
    <TestEntry testId="6dcefeea-649d-3dc8-1f57-3cbc263ad978" executionId="2820c826-076c-4969-aca9-2bb51654469b" testListId="8c84fa94-04c1-424b-9868-57a2d4851a1d" />
    <TestEntry testId="c4f2958c-3236-ab3f-f4e8-3b6998a43f3a" executionId="c39532b2-4062-4228-bd7e-e924b8eb1384" testListId="8c84fa94-04c1-424b-9868-57a2d4851a1d" />
    <TestEntry testId="be6e51ca-a1c5-3d3c-6551-56506042d0e5" executionId="a6974c9c-1ba7-494c-9dfe-3156fbc1a9a5" testListId="8c84fa94-04c1-424b-9868-57a2d4851a1d" />
    <TestEntry testId="78e535a9-ba4a-8e60-2e6d-3ef931152986" executionId="7f6a2b35-c6dc-4cae-adb7-623dffc7475c" testListId="8c84fa94-04c1-424b-9868-57a2d4851a1d" />
    <TestEntry testId="941ff7e4-8bef-9e53-cf6e-4e535567debc" executionId="47d251ee-5e9e-4da8-ae74-462b7ce88752" testListId="8c84fa94-04c1-424b-9868-57a2d4851a1d" />
    <TestEntry testId="43457fcb-486b-fbab-7074-8c0e577b3a29" executionId="bf2ec67e-88c9-413a-827f-5e1ea9335fef" testListId="8c84fa94-04c1-424b-9868-57a2d4851a1d" />
    <TestEntry testId="5363f8c8-6465-4304-569e-fb5671b100a1" executionId="51d1159b-cb52-4e7b-8049-89a377a245a0" testListId="8c84fa94-04c1-424b-9868-57a2d4851a1d" />
    <TestEntry testId="a00acd7c-9264-b7d8-6415-2a8a2cb31852" executionId="bbff9e5e-adc8-4215-bbdb-ac8a707e3876" testListId="8c84fa94-04c1-424b-9868-57a2d4851a1d" />
    <TestEntry testId="372abd9d-ec0d-aec7-a883-9a41b69e9cbf" executionId="3dcce52c-ef3b-45f6-bb1e-871c66b16bae" testListId="8c84fa94-04c1-424b-9868-57a2d4851a1d" />
    <TestEntry testId="43a99064-6289-fa55-43a7-05db3c04aeb6" executionId="4a38e096-8d97-4728-b3db-a4b91be22d57" testListId="8c84fa94-04c1-424b-9868-57a2d4851a1d" />
    <TestEntry testId="d1892bb0-19f8-32c8-31ac-a2d02cb8334e" executionId="5299e497-13f6-44cd-b355-162b78e76a81" testListId="8c84fa94-04c1-424b-9868-57a2d4851a1d" />
    <TestEntry testId="d68dd479-fb25-5dfd-e828-e50789acfa61" executionId="65435784-0d54-4543-85f3-e3d2543c4393" testListId="8c84fa94-04c1-424b-9868-57a2d4851a1d" />
    <TestEntry testId="0b14b17f-3245-ebb3-6ba3-a8c79e37c980" executionId="a9bb27d1-197a-454f-af72-446026bf8eb2" testListId="8c84fa94-04c1-424b-9868-57a2d4851a1d" />
    <TestEntry testId="74706af6-bf45-409f-3daf-959a38a48327" executionId="e4de9fc7-06f5-41be-a90b-573fd96fd455" testListId="8c84fa94-04c1-424b-9868-57a2d4851a1d" />
    <TestEntry testId="2335d745-5737-23e6-7294-215322aadfdd" executionId="13f68bac-2868-4bec-9312-36999c1f02e0" testListId="8c84fa94-04c1-424b-9868-57a2d4851a1d" />
    <TestEntry testId="e9131c93-78e9-d0e1-e6e4-55f1d04e969d" executionId="0ac29f35-66e3-4f40-bcd5-0c97aefa5fa5" testListId="8c84fa94-04c1-424b-9868-57a2d4851a1d" />
    <TestEntry testId="7cf73ff5-9ebd-e688-9452-5ea357430467" executionId="c32b61ef-53c6-4221-a4fc-40b612d56c9a" testListId="8c84fa94-04c1-424b-9868-57a2d4851a1d" />
    <TestEntry testId="b1ba8ae1-a4bc-cd75-94c8-12c52936bc46" executionId="6a41a3aa-7204-48bf-b5c4-2461499145ea" testListId="8c84fa94-04c1-424b-9868-57a2d4851a1d" />
    <TestEntry testId="aec98765-6d39-aee3-810e-7bd17130e2d9" executionId="0334fa08-2638-49f1-ae97-d957feba28cb" testListId="8c84fa94-04c1-424b-9868-57a2d4851a1d" />
    <TestEntry testId="8f1a2318-51cf-3d39-e7a2-e359086f4737" executionId="cab910ed-2701-4306-8ae7-efb0537abfe5" testListId="8c84fa94-04c1-424b-9868-57a2d4851a1d" />
    <TestEntry testId="05cd860d-0c88-b0e2-f481-448fb86229b9" executionId="d434446d-c564-43b2-8a2c-dbb17bb0f337" testListId="8c84fa94-04c1-424b-9868-57a2d4851a1d" />
    <TestEntry testId="b1f3be02-a580-953f-d13f-8f5290c54cb0" executionId="23baf4f7-a98c-4012-8910-b79f153d2f16" testListId="8c84fa94-04c1-424b-9868-57a2d4851a1d" />
    <TestEntry testId="e82895ff-8d4c-3ad3-4ffb-2ef6fe516321" executionId="4aa95a61-ae22-4923-8ec5-2444305f8e4a" testListId="8c84fa94-04c1-424b-9868-57a2d4851a1d" />
    <TestEntry testId="d56acf89-5c2f-18b1-503b-86cacda2509d" executionId="572535d1-61e1-4be4-8448-8c0282e21ee9" testListId="8c84fa94-04c1-424b-9868-57a2d4851a1d" />
    <TestEntry testId="c75a5a4c-6831-9dd2-8de1-ac48bca78824" executionId="49ce2fe2-cf18-44ae-b9bf-c20f7fd033dc" testListId="8c84fa94-04c1-424b-9868-57a2d4851a1d" />
    <TestEntry testId="d2199e5e-e058-b736-e4c2-6abcde83b15c" executionId="42ea1370-977e-42ba-bccc-67ddec2b3884" testListId="8c84fa94-04c1-424b-9868-57a2d4851a1d" />
    <TestEntry testId="7eeed3f8-805f-1c6b-c337-87c6ffead455" executionId="aa73b212-db56-47d7-8f54-dcbc48f48b92" testListId="8c84fa94-04c1-424b-9868-57a2d4851a1d" />
    <TestEntry testId="e9b4a83c-8874-b1e8-d427-3a85a3abfb5c" executionId="c49c7a1d-a915-49ae-b14c-13b5f9e80fc5" testListId="8c84fa94-04c1-424b-9868-57a2d4851a1d" />
    <TestEntry testId="dd059909-482f-96ed-d703-84cd501771fb" executionId="37202372-1ff2-4f80-afbb-03a08b4b843e" testListId="8c84fa94-04c1-424b-9868-57a2d4851a1d" />
    <TestEntry testId="ebc6faaf-bd1d-0d56-0412-2e990e5f8fb0" executionId="f2858092-abfc-41e4-a139-9cf8d1577df3" testListId="8c84fa94-04c1-424b-9868-57a2d4851a1d" />
    <TestEntry testId="7130d5bd-8a3c-39f5-cdf5-9307d2c5092a" executionId="3fb1cf05-9036-4c02-94e4-a52cac8f1634" testListId="8c84fa94-04c1-424b-9868-57a2d4851a1d" />
    <TestEntry testId="7bc76e3b-d097-828e-4e5b-ae099d0515de" executionId="6cb30626-d7cd-4eb0-8d8a-70ba3cd741dd" testListId="8c84fa94-04c1-424b-9868-57a2d4851a1d" />
    <TestEntry testId="2217b003-6185-a06e-3902-b9c3a13392a1" executionId="e7c0a00b-7ac9-4016-8304-6ada2d1a6516" testListId="8c84fa94-04c1-424b-9868-57a2d4851a1d" />
    <TestEntry testId="24f542f3-991e-2d46-7d7e-a27e63939c43" executionId="6e39bae8-38ec-4027-b055-d7a4aefbeb5d" testListId="8c84fa94-04c1-424b-9868-57a2d4851a1d" />
    <TestEntry testId="bfa9d95d-3db3-51d0-4b80-b15333c5f496" executionId="a6c07395-f3e7-4b3f-976d-2a656c93124b" testListId="8c84fa94-04c1-424b-9868-57a2d4851a1d" />
    <TestEntry testId="ef9ecea5-1345-19a9-88c8-1422539f6eb4" executionId="77653a53-3b1c-439b-b8bf-a19474207819" testListId="8c84fa94-04c1-424b-9868-57a2d4851a1d" />
    <TestEntry testId="388bb930-73d3-4ac0-8229-0eb46407ca84" executionId="ade2bc1f-5b01-4a64-94fa-5adc2b0268b2" testListId="8c84fa94-04c1-424b-9868-57a2d4851a1d" />
    <TestEntry testId="073b53fa-2318-0ffd-4891-26638aeeea6e" executionId="6a0376e4-17fb-447e-8faf-399a1f8c6d58" testListId="8c84fa94-04c1-424b-9868-57a2d4851a1d" />
    <TestEntry testId="5e6e1ccc-d7f2-e2b2-60e3-5d3d1977e9c5" executionId="1aa5b6a9-3157-41f2-a0f8-ce70800a868a" testListId="8c84fa94-04c1-424b-9868-57a2d4851a1d" />
    <TestEntry testId="1de552ec-226a-bbed-2e72-ed7a837b3887" executionId="111208f3-6514-42d3-aff9-cdcd13386d72" testListId="8c84fa94-04c1-424b-9868-57a2d4851a1d" />
    <TestEntry testId="3ed69851-5fc8-5180-5898-c551ff7d228f" executionId="518542d6-d943-4f28-ae39-c514e4cda042" testListId="8c84fa94-04c1-424b-9868-57a2d4851a1d" />
    <TestEntry testId="e6703680-4847-22b5-5fea-908c81320603" executionId="20c6e9a0-4da1-4ec1-bb0a-055673ed5785" testListId="8c84fa94-04c1-424b-9868-57a2d4851a1d" />
    <TestEntry testId="a36cc5f4-df70-c834-33f4-473f2ccbf294" executionId="5d3811b2-38c9-4f1b-9bf3-5decdb973169" testListId="8c84fa94-04c1-424b-9868-57a2d4851a1d" />
    <TestEntry testId="b61c09bc-2dee-0600-d71a-145e202c2191" executionId="e73c4526-8111-466e-a47e-3f35bbeb7f34" testListId="8c84fa94-04c1-424b-9868-57a2d4851a1d" />
    <TestEntry testId="c7e39389-05ff-dd70-bb24-f7c022ceba5a" executionId="9160d944-a398-4fb9-93f4-7beff4398939" testListId="8c84fa94-04c1-424b-9868-57a2d4851a1d" />
    <TestEntry testId="8cc63a1f-8bfa-b53b-8fce-9621b434645f" executionId="1765e75f-87d9-4100-ae93-3950252f4bc2" testListId="8c84fa94-04c1-424b-9868-57a2d4851a1d" />
    <TestEntry testId="aad30937-0965-c3f3-4ad9-bd794dbbf04c" executionId="51c99616-096d-4c05-9849-0ad21e82259a" testListId="8c84fa94-04c1-424b-9868-57a2d4851a1d" />
    <TestEntry testId="3836874f-deff-0575-e913-ca2dc80561ee" executionId="59f8fdff-b236-4bc1-a076-b2016732e1a6" testListId="8c84fa94-04c1-424b-9868-57a2d4851a1d" />
    <TestEntry testId="38a85437-f881-001d-e61a-da8c3f75e41d" executionId="ccc48b94-1587-4088-aec1-e29f3423f2d1" testListId="8c84fa94-04c1-424b-9868-57a2d4851a1d" />
    <TestEntry testId="9abc3b36-01e3-bbcc-0386-1c095f787ca7" executionId="a4b888e7-8524-4ec7-8353-955f7eac5799" testListId="8c84fa94-04c1-424b-9868-57a2d4851a1d" />
    <TestEntry testId="11def945-4230-e708-7ebc-49822e9b5d70" executionId="9403fc21-b2da-487c-9b9c-49ee7371db70" testListId="8c84fa94-04c1-424b-9868-57a2d4851a1d" />
    <TestEntry testId="cd9970f6-31d7-987f-4ef9-375eb1d8799a" executionId="190e4c0a-96a7-4975-925a-ee5bdbe2306e" testListId="8c84fa94-04c1-424b-9868-57a2d4851a1d" />
    <TestEntry testId="2818313d-1f06-7033-bdfe-df6fcb0c0111" executionId="a2d02cb7-e60a-4f9d-80d3-80d9c46d2157" testListId="8c84fa94-04c1-424b-9868-57a2d4851a1d" />
    <TestEntry testId="2b078b4f-b301-288b-269c-b0e262667b5d" executionId="70592fc9-4b65-495b-a94a-08039b258524" testListId="8c84fa94-04c1-424b-9868-57a2d4851a1d" />
    <TestEntry testId="fb551d5f-e919-270c-eb14-4e03ea9b9734" executionId="300a7b0a-62d6-45c3-8090-d5375ea36064" testListId="8c84fa94-04c1-424b-9868-57a2d4851a1d" />
    <TestEntry testId="002027a2-8baa-3fcb-3467-0382ba61dc4c" executionId="a646b881-ace6-495a-9fa9-e7f5dcb579d7" testListId="8c84fa94-04c1-424b-9868-57a2d4851a1d" />
    <TestEntry testId="42a7ff84-9f29-da00-ab6f-db49027fe22c" executionId="cdc0a55a-3d05-4639-9d2a-ef11492b64c6" testListId="8c84fa94-04c1-424b-9868-57a2d4851a1d" />
    <TestEntry testId="404f8302-c9f8-95d0-43c2-71008eeb8d56" executionId="86889b1a-55ba-4e54-8705-128a64d8a9b2" testListId="8c84fa94-04c1-424b-9868-57a2d4851a1d" />
    <TestEntry testId="71dbff04-60fd-1ca8-df20-d5ba3c854299" executionId="178f0d0d-18d7-41cd-ad6d-6df0b28c15fa" testListId="8c84fa94-04c1-424b-9868-57a2d4851a1d" />
    <TestEntry testId="6ac6ff60-f92f-fbf9-31a5-d2dcd3429bfc" executionId="d080ae4a-2ffb-4dbc-b2bc-18901b283e91" testListId="8c84fa94-04c1-424b-9868-57a2d4851a1d" />
    <TestEntry testId="309ef304-0930-6a5b-7146-63a3d55127ca" executionId="192b5957-c437-42a7-98f9-4fed5420b879" testListId="8c84fa94-04c1-424b-9868-57a2d4851a1d" />
  </TestEntries>
  <TestLists>
    <TestList name="Results Not in a List" id="8c84fa94-04c1-424b-9868-57a2d4851a1d" />
    <TestList name="All Loaded Results" id="19431567-8539-422a-85d7-44ee4e166bda" />
  </TestLists>
  <ResultSummary outcome="Completed">
    <Counters total="99" executed="99" passed="99" failed="0" error="0" timeout="0" aborted="0" inconclusive="0" passedButRunAborted="0" notRunnable="0" notExecuted="0" disconnected="0" warning="0" completed="0" inProgress="0" pending="0" />
    <Output>
      <StdOut>[xUnit.net 00:00:00.00] xUnit.net VSTest Adapter v3.1.4+50e68bbb8b (64-bit .NET 10.0.9)&#xD;
[xUnit.net 00:00:00.64]   Discovering: Rushframe.Domain.Tests&#xD;
[xUnit.net 00:00:00.73]   Discovered:  Rushframe.Domain.Tests&#xD;
[xUnit.net 00:00:00.81]   Starting:    Rushframe.Domain.Tests&#xD;
[xUnit.net 00:00:02.27]   Finished:    Rushframe.Domain.Tests&#xD;
</StdOut>
    </Output>
  </ResultSummary>
</TestRun>